2024-10-06 09:46:01,014 WARNING database DDL Query made to DB:
create table `tabAsset Category Account` (
			name varchar(140) primary key,
			creation datetime(6),
			modified datetime(6),
			modified_by varchar(140),
			owner varchar(140),
			docstatus tinyint not null default '0',
			idx int not null default '0',
			`company_name` varchar(140),
`fixed_asset_account` varchar(140),
`accumulated_depreciation_account` varchar(140),
`depreciation_expense_account` varchar(140),
`capital_work_in_progress_account` varchar(140),
parent varchar(140),
parentfield varchar(140),
parenttype varchar(140),
index parent(parent))
			ENGINE=InnoDB
			ROW_FORMAT=DYNAMIC
			CHARACTER SET=utf8mb4
			COLLATE=utf8mb4_unicode_ci
2024-10-06 09:46:01,100 WARNING database DDL Query made to DB:
create table `tabAsset Movement Item` (
			name varchar(140) primary key,
			creation datetime(6),
			modified datetime(6),
			modified_by varchar(140),
			owner varchar(140),
			docstatus tinyint not null default '0',
			idx int not null default '0',
			`company` varchar(140),
`asset` varchar(140),
`source_location` varchar(140),
`from_employee` varchar(140),
`asset_name` varchar(140),
`target_location` varchar(140),
`to_employee` varchar(140),
parent varchar(140),
parentfield varchar(140),
parenttype varchar(140),
index parent(parent))
			ENGINE=InnoDB
			ROW_FORMAT=DYNAMIC
			CHARACTER SET=utf8mb4
			COLLATE=utf8mb4_unicode_ci
2024-10-06 09:46:01,190 WARNING database DDL Query made to DB:
create table `tabAsset Capitalization Asset Item` (
			name varchar(140) primary key,
			creation datetime(6),
			modified datetime(6),
			modified_by varchar(140),
			owner varchar(140),
			docstatus tinyint not null default '0',
			idx int not null default '0',
			`asset` varchar(140),
`asset_name` varchar(140),
`finance_book` varchar(140),
`item_code` varchar(140),
`item_name` varchar(140),
`current_asset_value` decimal(21,9) NOT NULL DEFAULT 0.0,
`asset_value` decimal(21,9) NOT NULL DEFAULT 0.0,
`cost_center` varchar(140),
`fixed_asset_account` varchar(140),
parent varchar(140),
parentfield varchar(140),
parenttype varchar(140),
index parent(parent))
			ENGINE=InnoDB
			ROW_FORMAT=DYNAMIC
			CHARACTER SET=utf8mb4
			COLLATE=utf8mb4_unicode_ci
2024-10-06 09:46:01,296 WARNING database DDL Query made to DB:
create table `tabAsset Capitalization Stock Item` (
			name varchar(140) primary key,
			creation datetime(6),
			modified datetime(6),
			modified_by varchar(140),
			owner varchar(140),
			docstatus tinyint not null default '0',
			idx int not null default '0',
			`item_code` varchar(140),
`item_name` varchar(140),
`warehouse` varchar(140),
`stock_qty` decimal(21,9) NOT NULL DEFAULT 0.0,
`stock_uom` varchar(140),
`actual_qty` decimal(21,9) NOT NULL DEFAULT 0.0,
`valuation_rate` decimal(21,9) NOT NULL DEFAULT 0.0,
`amount` decimal(21,9) NOT NULL DEFAULT 0.0,
`serial_and_batch_bundle` varchar(140),
`use_serial_batch_fields` tinyint NOT NULL DEFAULT 0,
`serial_no` text,
`batch_no` varchar(140),
`cost_center` varchar(140),
parent varchar(140),
parentfield varchar(140),
parenttype varchar(140),
index parent(parent))
			ENGINE=InnoDB
			ROW_FORMAT=DYNAMIC
			CHARACTER SET=utf8mb4
			COLLATE=utf8mb4_unicode_ci
2024-10-06 09:46:01,372 WARNING database DDL Query made to DB:
create table `tabLinked Location` (
			name varchar(140) primary key,
			creation datetime(6),
			modified datetime(6),
			modified_by varchar(140),
			owner varchar(140),
			docstatus tinyint not null default '0',
			idx int not null default '0',
			`location` varchar(140),
parent varchar(140),
parentfield varchar(140),
parenttype varchar(140),
index parent(parent))
			ENGINE=InnoDB
			ROW_FORMAT=DYNAMIC
			CHARACTER SET=utf8mb4
			COLLATE=utf8mb4_unicode_ci
2024-10-06 09:46:01,478 WARNING database DDL Query made to DB:
create table `tabAsset Movement` (
			name varchar(140) primary key,
			creation datetime(6),
			modified datetime(6),
			modified_by varchar(140),
			owner varchar(140),
			docstatus tinyint not null default '0',
			idx int not null default '0',
			`company` varchar(140),
`purpose` varchar(140),
`transaction_date` datetime(6),
`reference_doctype` varchar(140),
`reference_name` varchar(140),
`amended_from` varchar(140),
`_user_tags` text,
`_comments` text,
`_assign` text,
`_liked_by` text,
index creation(creation))
			ENGINE=InnoDB
			ROW_FORMAT=DYNAMIC
			CHARACTER SET=utf8mb4
			COLLATE=utf8mb4_unicode_ci
2024-10-06 09:46:01,577 WARNING database DDL Query made to DB:
create table `tabAsset Finance Book` (
			name varchar(140) primary key,
			creation datetime(6),
			modified datetime(6),
			modified_by varchar(140),
			owner varchar(140),
			docstatus tinyint not null default '0',
			idx int not null default '0',
			`finance_book` varchar(140),
`depreciation_method` varchar(140),
`total_number_of_depreciations` int NOT NULL DEFAULT 0,
`total_number_of_booked_depreciations` int NOT NULL DEFAULT 0,
`daily_prorata_based` tinyint NOT NULL DEFAULT 0,
`shift_based` tinyint NOT NULL DEFAULT 0,
`frequency_of_depreciation` int NOT NULL DEFAULT 0,
`depreciation_start_date` date,
`salvage_value_percentage` decimal(21,9) NOT NULL DEFAULT 0.0,
`expected_value_after_useful_life` decimal(21,9) NOT NULL DEFAULT 0.0,
`value_after_depreciation` decimal(21,9) NOT NULL DEFAULT 0.0,
`rate_of_depreciation` decimal(21,9) NOT NULL DEFAULT 0.0,
parent varchar(140),
parentfield varchar(140),
parenttype varchar(140),
index parent(parent))
			ENGINE=InnoDB
			ROW_FORMAT=DYNAMIC
			CHARACTER SET=utf8mb4
			COLLATE=utf8mb4_unicode_ci
2024-10-06 09:46:01,659 WARNING database DDL Query made to DB:
create table `tabAsset Maintenance Team` (
			name varchar(140) primary key,
			creation datetime(6),
			modified datetime(6),
			modified_by varchar(140),
			owner varchar(140),
			docstatus tinyint not null default '0',
			idx int not null default '0',
			`maintenance_team_name` varchar(140) UNIQUE,
`maintenance_manager` varchar(140),
`maintenance_manager_name` varchar(140),
`company` varchar(140),
`_user_tags` text,
`_comments` text,
`_assign` text,
`_liked_by` text,
index creation(creation))
			ENGINE=InnoDB
			ROW_FORMAT=DYNAMIC
			CHARACTER SET=utf8mb4
			COLLATE=utf8mb4_unicode_ci
2024-10-06 09:46:01,814 WARNING database DDL Query made to DB:
create table `tabAsset Repair` (
			name varchar(140) primary key,
			creation datetime(6),
			modified datetime(6),
			modified_by varchar(140),
			owner varchar(140),
			docstatus tinyint not null default '0',
			idx int not null default '0',
			`asset` varchar(140),
`company` varchar(140),
`asset_name` varchar(140),
`naming_series` varchar(140),
`failure_date` datetime(6),
`repair_status` varchar(140) DEFAULT 'Pending',
`completion_date` datetime(6),
`cost_center` varchar(140),
`project` varchar(140),
`capitalize_repair_cost` tinyint NOT NULL DEFAULT 0,
`stock_consumption` tinyint NOT NULL DEFAULT 0,
`repair_cost` decimal(21,9) NOT NULL DEFAULT 0.0,
`total_repair_cost` decimal(21,9) NOT NULL DEFAULT 0.0,
`increase_in_asset_life` int NOT NULL DEFAULT 0,
`description` longtext,
`actions_performed` longtext,
`downtime` varchar(140),
`amended_from` varchar(140),
`_user_tags` text,
`_comments` text,
`_assign` text,
`_liked_by` text,
`_seen` text,
index creation(creation))
			ENGINE=InnoDB
			ROW_FORMAT=DYNAMIC
			CHARACTER SET=utf8mb4
			COLLATE=utf8mb4_unicode_ci
2024-10-06 09:46:01,943 WARNING database DDL Query made to DB:
create table `tabAsset Depreciation Schedule` (
			name varchar(140) primary key,
			creation datetime(6),
			modified datetime(6),
			modified_by varchar(140),
			owner varchar(140),
			docstatus tinyint not null default '0',
			idx int not null default '0',
			`asset` varchar(140),
`naming_series` varchar(140),
`company` varchar(140),
`gross_purchase_amount` decimal(21,9) NOT NULL DEFAULT 0.0,
`opening_accumulated_depreciation` decimal(21,9) NOT NULL DEFAULT 0.0,
`opening_number_of_booked_depreciations` int NOT NULL DEFAULT 0,
`finance_book` varchar(140),
`finance_book_id` int NOT NULL DEFAULT 0,
`depreciation_method` varchar(140),
`total_number_of_depreciations` int NOT NULL DEFAULT 0,
`rate_of_depreciation` decimal(21,9) NOT NULL DEFAULT 0.0,
`daily_prorata_based` tinyint NOT NULL DEFAULT 0,
`shift_based` tinyint NOT NULL DEFAULT 0,
`frequency_of_depreciation` int NOT NULL DEFAULT 0,
`expected_value_after_useful_life` decimal(21,9) NOT NULL DEFAULT 0.0,
`notes` text,
`status` varchar(140),
`amended_from` varchar(140),
`_user_tags` text,
`_comments` text,
`_assign` text,
`_liked_by` text,
index creation(creation))
			ENGINE=InnoDB
			ROW_FORMAT=DYNAMIC
			CHARACTER SET=utf8mb4
			COLLATE=utf8mb4_unicode_ci
2024-10-06 09:46:02,049 WARNING database DDL Query made to DB:
create table `tabAsset Maintenance Task` (
			name varchar(140) primary key,
			creation datetime(6),
			modified datetime(6),
			modified_by varchar(140),
			owner varchar(140),
			docstatus tinyint not null default '0',
			idx int not null default '0',
			`maintenance_task` varchar(140),
`maintenance_type` varchar(140),
`maintenance_status` varchar(140),
`start_date` date,
`periodicity` varchar(140),
`end_date` date,
`certificate_required` tinyint NOT NULL DEFAULT 0,
`assign_to` varchar(140),
`assign_to_name` varchar(140),
`next_due_date` date,
`last_completion_date` date,
`description` longtext,
index `certificate_required`(`certificate_required`),
parent varchar(140),
parentfield varchar(140),
parenttype varchar(140),
index parent(parent))
			ENGINE=InnoDB
			ROW_FORMAT=DYNAMIC
			CHARACTER SET=utf8mb4
			COLLATE=utf8mb4_unicode_ci
2024-10-06 09:46:02,169 WARNING database DDL Query made to DB:
create table `tabWebsite Filter Field` (
			name varchar(140) primary key,
			creation datetime(6),
			modified datetime(6),
			modified_by varchar(140),
			owner varchar(140),
			docstatus tinyint not null default '0',
			idx int not null default '0',
			`fieldname` varchar(140),
parent varchar(140),
parentfield varchar(140),
parenttype varchar(140),
index parent(parent))
			ENGINE=InnoDB
			ROW_FORMAT=DYNAMIC
			CHARACTER SET=utf8mb4
			COLLATE=utf8mb4_unicode_ci
2024-10-06 09:46:02,251 WARNING database DDL Query made to DB:
create table `tabWebsite Attribute` (
			name varchar(140) primary key,
			creation datetime(6),
			modified datetime(6),
			modified_by varchar(140),
			owner varchar(140),
			docstatus tinyint not null default '0',
			idx int not null default '0',
			`attribute` varchar(140),
parent varchar(140),
parentfield varchar(140),
parenttype varchar(140),
index parent(parent))
			ENGINE=InnoDB
			ROW_FORMAT=DYNAMIC
			CHARACTER SET=utf8mb4
			COLLATE=utf8mb4_unicode_ci
2024-10-06 09:46:02,360 WARNING database DDL Query made to DB:
create table `tabMaintenance Schedule Detail` (
			name varchar(140) primary key,
			creation datetime(6),
			modified datetime(6),
			modified_by varchar(140),
			owner varchar(140),
			docstatus tinyint not null default '0',
			idx int not null default '0',
			`item_code` varchar(140),
`item_name` varchar(140),
`scheduled_date` date,
`actual_date` date,
`sales_person` varchar(140),
`completion_status` varchar(140) DEFAULT 'Pending',
`serial_no` text,
`item_reference` varchar(140),
index `item_code`(`item_code`),
index `scheduled_date`(`scheduled_date`),
parent varchar(140),
parentfield varchar(140),
parenttype varchar(140),
index parent(parent))
			ENGINE=InnoDB
			ROW_FORMAT=DYNAMIC
			CHARACTER SET=utf8mb4
			COLLATE=utf8mb4_unicode_ci
2024-10-06 09:46:02,467 WARNING database DDL Query made to DB:
create table `tabMaintenance Schedule Item` (
			name varchar(140) primary key,
			creation datetime(6),
			modified datetime(6),
			modified_by varchar(140),
			owner varchar(140),
			docstatus tinyint not null default '0',
			idx int not null default '0',
			`item_code` varchar(140),
`item_name` varchar(140),
`description` longtext,
`start_date` date,
`end_date` date,
`periodicity` varchar(140),
`no_of_visits` int NOT NULL DEFAULT 0,
`sales_person` varchar(140),
`serial_no` text,
`sales_order` varchar(140),
`serial_and_batch_bundle` varchar(140),
index `item_code`(`item_code`),
index `start_date`(`start_date`),
index `end_date`(`end_date`),
index `sales_order`(`sales_order`),
parent varchar(140),
parentfield varchar(140),
parenttype varchar(140),
index parent(parent))
			ENGINE=InnoDB
			ROW_FORMAT=DYNAMIC
			CHARACTER SET=utf8mb4
			COLLATE=utf8mb4_unicode_ci
2024-10-06 09:46:02,586 WARNING database DDL Query made to DB:
create table `tabMaintenance Schedule` (
			name varchar(140) primary key,
			creation datetime(6),
			modified datetime(6),
			modified_by varchar(140),
			owner varchar(140),
			docstatus tinyint not null default '0',
			idx int not null default '0',
			`naming_series` varchar(140),
`customer` varchar(140),
`status` varchar(140) DEFAULT 'Draft',
`transaction_date` date,
`customer_name` varchar(140),
`contact_person` varchar(140),
`contact_mobile` varchar(140),
`contact_email` varchar(140),
`contact_display` text,
`customer_address` varchar(140),
`address_display` longtext,
`territory` varchar(140),
`customer_group` varchar(140),
`company` varchar(140),
`amended_from` varchar(140),
`_user_tags` text,
`_comments` text,
`_assign` text,
`_liked_by` text,
index `customer`(`customer`),
index creation(creation))
			ENGINE=InnoDB
			ROW_FORMAT=DYNAMIC
			CHARACTER SET=utf8mb4
			COLLATE=utf8mb4_unicode_ci
2024-10-06 09:46:02,675 WARNING database DDL Query made to DB:
create table `tabMaintenance Visit Purpose` (
			name varchar(140) primary key,
			creation datetime(6),
			modified datetime(6),
			modified_by varchar(140),
			owner varchar(140),
			docstatus tinyint not null default '0',
			idx int not null default '0',
			`item_code` varchar(140),
`item_name` varchar(140),
`service_person` varchar(140),
`serial_no` varchar(140),
`description` longtext,
`work_done` text,
`prevdoc_doctype` varchar(140),
`prevdoc_docname` varchar(140),
`maintenance_schedule_detail` varchar(140),
parent varchar(140),
parentfield varchar(140),
parenttype varchar(140),
index parent(parent))
			ENGINE=InnoDB
			ROW_FORMAT=DYNAMIC
			CHARACTER SET=utf8mb4
			COLLATE=utf8mb4_unicode_ci
2024-10-06 09:46:02,829 WARNING database DDL Query made to DB:
create table `tabMaintenance Visit` (
			name varchar(140) primary key,
			creation datetime(6),
			modified datetime(6),
			modified_by varchar(140),
			owner varchar(140),
			docstatus tinyint not null default '0',
			idx int not null default '0',
			`naming_series` varchar(140),
`customer` varchar(140),
`customer_name` varchar(140),
`address_display` longtext,
`contact_display` text,
`contact_mobile` varchar(140),
`contact_email` varchar(140),
`maintenance_schedule` varchar(140),
`maintenance_schedule_detail` varchar(140),
`mntc_date` date,
`mntc_time` time(6),
`completion_status` varchar(140),
`maintenance_type` varchar(140) DEFAULT 'Unscheduled',
`customer_feedback` text,
`status` varchar(140) DEFAULT 'Draft',
`amended_from` varchar(140),
`company` varchar(140),
`customer_address` varchar(140),
`contact_person` varchar(140),
`territory` varchar(140),
`customer_group` varchar(140),
`_user_tags` text,
`_comments` text,
`_assign` text,
`_liked_by` text,
index creation(creation))
			ENGINE=InnoDB
			ROW_FORMAT=DYNAMIC
			CHARACTER SET=utf8mb4
			COLLATE=utf8mb4_unicode_ci
2024-10-06 09:46:02,962 WARNING database DDL Query made to DB:
create table `tabImport Supplier Invoice` (
			name varchar(140) primary key,
			creation datetime(6),
			modified datetime(6),
			modified_by varchar(140),
			owner varchar(140),
			docstatus tinyint not null default '0',
			idx int not null default '0',
			`invoice_series` varchar(140),
`company` varchar(140),
`item_code` varchar(140),
`supplier_group` varchar(140),
`tax_account` varchar(140),
`default_buying_price_list` varchar(140),
`zip_file` text,
`status` varchar(140),
`_user_tags` text,
`_comments` text,
`_assign` text,
`_liked_by` text,
index creation(creation))
			ENGINE=InnoDB
			ROW_FORMAT=DYNAMIC
			CHARACTER SET=utf8mb4
			COLLATE=utf8mb4_unicode_ci
2024-10-06 09:46:03,041 WARNING database DDL Query made to DB:
create table `tabUAE VAT Settings` (
			name varchar(140) primary key,
			creation datetime(6),
			modified datetime(6),
			modified_by varchar(140),
			owner varchar(140),
			docstatus tinyint not null default '0',
			idx int not null default '0',
			`company` varchar(140) UNIQUE,
`_user_tags` text,
`_comments` text,
`_assign` text,
`_liked_by` text,
index creation(creation))
			ENGINE=InnoDB
			ROW_FORMAT=DYNAMIC
			CHARACTER SET=utf8mb4
			COLLATE=utf8mb4_unicode_ci
2024-10-06 09:46:03,130 WARNING database DDL Query made to DB:
create table `tabLower Deduction Certificate` (
			name varchar(140) primary key,
			creation datetime(6),
			modified datetime(6),
			modified_by varchar(140),
			owner varchar(140),
			docstatus tinyint not null default '0',
			idx int not null default '0',
			`tax_withholding_category` varchar(140),
`fiscal_year` varchar(140),
`company` varchar(140),
`certificate_no` varchar(140) UNIQUE,
`supplier` varchar(140),
`pan_no` varchar(140),
`valid_from` date,
`valid_upto` date,
`rate` decimal(21,9) NOT NULL DEFAULT 0.0,
`certificate_limit` decimal(21,9) NOT NULL DEFAULT 0.0,
`_user_tags` text,
`_comments` text,
`_assign` text,
`_liked_by` text,
index creation(creation))
			ENGINE=InnoDB
			ROW_FORMAT=DYNAMIC
			CHARACTER SET=utf8mb4
			COLLATE=utf8mb4_unicode_ci
2024-10-06 09:46:03,209 WARNING database DDL Query made to DB:
create table `tabUAE VAT Account` (
			name varchar(140) primary key,
			creation datetime(6),
			modified datetime(6),
			modified_by varchar(140),
			owner varchar(140),
			docstatus tinyint not null default '0',
			idx int not null default '0',
			`account` varchar(140),
parent varchar(140),
parentfield varchar(140),
parenttype varchar(140),
index parent(parent))
			ENGINE=InnoDB
			ROW_FORMAT=DYNAMIC
			CHARACTER SET=utf8mb4
			COLLATE=utf8mb4_unicode_ci
2024-10-06 09:46:03,300 WARNING database DDL Query made to DB:
create table `tabSouth Africa VAT Settings` (
			name varchar(140) primary key,
			creation datetime(6),
			modified datetime(6),
			modified_by varchar(140),
			owner varchar(140),
			docstatus tinyint not null default '0',
			idx int not null default '0',
			`company` varchar(140) UNIQUE,
`_user_tags` text,
`_comments` text,
`_assign` text,
`_liked_by` text,
index creation(creation))
			ENGINE=InnoDB
			ROW_FORMAT=DYNAMIC
			CHARACTER SET=utf8mb4
			COLLATE=utf8mb4_unicode_ci
2024-10-06 09:46:03,621 WARNING database DDL Query made to DB:
create table `tabTally Migration` (
			name varchar(140) primary key,
			creation datetime(6),
			modified datetime(6),
			modified_by varchar(140),
			owner varchar(140),
			docstatus tinyint not null default '0',
			idx int not null default '0',
			`status` varchar(140),
`master_data` text,
`is_master_data_processed` tinyint NOT NULL DEFAULT 0,
`is_master_data_imported` tinyint NOT NULL DEFAULT 0,
`tally_creditors_account` varchar(140) DEFAULT 'Sundry Creditors',
`tally_debtors_account` varchar(140) DEFAULT 'Sundry Debtors',
`tally_company` varchar(140),
`default_uom` varchar(140) DEFAULT 'Unit',
`erpnext_company` varchar(140),
`chart_of_accounts` text,
`parties` text,
`addresses` text,
`uoms` text,
`items` text,
`vouchers` text,
`default_warehouse` varchar(140),
`default_round_off_account` varchar(140),
`default_cost_center` varchar(140),
`day_book_data` text,
`is_day_book_data_processed` tinyint NOT NULL DEFAULT 0,
`is_day_book_data_imported` tinyint NOT NULL DEFAULT 0,
`failed_import_log` longtext DEFAULT '[]',
`fixed_errors_log` longtext DEFAULT '[]',
`_user_tags` text,
`_comments` text,
`_assign` text,
`_liked_by` text,
index creation(creation))
			ENGINE=InnoDB
			ROW_FORMAT=DYNAMIC
			CHARACTER SET=utf8mb4
			COLLATE=utf8mb4_unicode_ci
2024-10-06 09:46:03,765 WARNING database DDL Query made to DB:
create table `tabQuality Review` (
			name varchar(140) primary key,
			creation datetime(6),
			modified datetime(6),
			modified_by varchar(140),
			owner varchar(140),
			docstatus tinyint not null default '0',
			idx int not null default '0',
			`goal` varchar(140),
`date` date,
`procedure` varchar(140),
`status` varchar(140) DEFAULT 'Open',
`additional_information` text,
`_user_tags` text,
`_comments` text,
`_assign` text,
`_liked_by` text,
index creation(creation))
			ENGINE=InnoDB
			ROW_FORMAT=DYNAMIC
			CHARACTER SET=utf8mb4
			COLLATE=utf8mb4_unicode_ci
2024-10-06 09:46:03,842 WARNING database DDL Query made to DB:
create table `tabQuality Review Objective` (
			name varchar(140) primary key,
			creation datetime(6),
			modified datetime(6),
			modified_by varchar(140),
			owner varchar(140),
			docstatus tinyint not null default '0',
			idx int not null default '0',
			`objective` text,
`target` varchar(140),
`uom` varchar(140),
`status` varchar(140) DEFAULT 'Open',
`review` longtext,
parent varchar(140),
parentfield varchar(140),
parenttype varchar(140),
index parent(parent))
			ENGINE=InnoDB
			ROW_FORMAT=DYNAMIC
			CHARACTER SET=utf8mb4
			COLLATE=utf8mb4_unicode_ci
2024-10-06 09:46:03,916 WARNING database DDL Query made to DB:
create table `tabQuality Action Resolution` (
			name varchar(140) primary key,
			creation datetime(6),
			modified datetime(6),
			modified_by varchar(140),
			owner varchar(140),
			docstatus tinyint not null default '0',
			idx int not null default '0',
			`problem` longtext,
`resolution` longtext,
`status` varchar(140),
`responsible` varchar(140),
`completion_by` date,
parent varchar(140),
parentfield varchar(140),
parenttype varchar(140),
index parent(parent))
			ENGINE=InnoDB
			ROW_FORMAT=DYNAMIC
			CHARACTER SET=utf8mb4
			COLLATE=utf8mb4_unicode_ci
2024-10-06 09:46:03,983 WARNING database DDL Query made to DB:
create table `tabQuality Procedure Process` (
			name varchar(140) primary key,
			creation datetime(6),
			modified datetime(6),
			modified_by varchar(140),
			owner varchar(140),
			docstatus tinyint not null default '0',
			idx int not null default '0',
			`process_description` longtext,
`procedure` varchar(140),
parent varchar(140),
parentfield varchar(140),
parenttype varchar(140),
index parent(parent))
			ENGINE=InnoDB
			ROW_FORMAT=DYNAMIC
			CHARACTER SET=utf8mb4
			COLLATE=utf8mb4_unicode_ci
2024-10-06 09:46:04,081 WARNING database DDL Query made to DB:
create table `tabQuality Feedback` (
			name varchar(140) primary key,
			creation datetime(6),
			modified datetime(6),
			modified_by varchar(140),
			owner varchar(140),
			docstatus tinyint not null default '0',
			idx int not null default '0',
			`template` varchar(140),
`document_type` varchar(140),
`document_name` varchar(140),
`_user_tags` text,
`_comments` text,
`_assign` text,
`_liked_by` text,
index creation(creation))
			ENGINE=InnoDB
			ROW_FORMAT=DYNAMIC
			CHARACTER SET=utf8mb4
			COLLATE=utf8mb4_unicode_ci
2024-10-06 09:46:04,171 WARNING database DDL Query made to DB:
create table `tabQuality Meeting` (
			name varchar(140) primary key,
			creation datetime(6),
			modified datetime(6),
			modified_by varchar(140),
			owner varchar(140),
			docstatus tinyint not null default '0',
			idx int not null default '0',
			`status` varchar(140) DEFAULT 'Open',
`_user_tags` text,
`_comments` text,
`_assign` text,
`_liked_by` text,
index creation(creation))
			ENGINE=InnoDB
			ROW_FORMAT=DYNAMIC
			CHARACTER SET=utf8mb4
			COLLATE=utf8mb4_unicode_ci
2024-10-06 09:46:04,250 WARNING database DDL Query made to DB:
create table `tabQuality Feedback Parameter` (
			name varchar(140) primary key,
			creation datetime(6),
			modified datetime(6),
			modified_by varchar(140),
			owner varchar(140),
			docstatus tinyint not null default '0',
			idx int not null default '0',
			`parameter` varchar(140),
`rating` varchar(140) DEFAULT '1',
`feedback` longtext,
parent varchar(140),
parentfield varchar(140),
parenttype varchar(140),
index parent(parent))
			ENGINE=InnoDB
			ROW_FORMAT=DYNAMIC
			CHARACTER SET=utf8mb4
			COLLATE=utf8mb4_unicode_ci
2024-10-06 09:46:04,339 WARNING database DDL Query made to DB:
create table `tabQuality Goal` (
			name varchar(140) primary key,
			creation datetime(6),
			modified datetime(6),
			modified_by varchar(140),
			owner varchar(140),
			docstatus tinyint not null default '0',
			idx int not null default '0',
			`goal` varchar(140) UNIQUE,
`frequency` varchar(140) DEFAULT 'None',
`procedure` varchar(140),
`weekday` varchar(140),
`date` varchar(140),
`_user_tags` text,
`_comments` text,
`_assign` text,
`_liked_by` text,
index creation(creation))
			ENGINE=InnoDB
			ROW_FORMAT=DYNAMIC
			CHARACTER SET=utf8mb4
			COLLATE=utf8mb4_unicode_ci
2024-10-06 09:46:04,428 WARNING database DDL Query made to DB:
create table `tabQuality Feedback Template` (
			name varchar(140) primary key,
			creation datetime(6),
			modified datetime(6),
			modified_by varchar(140),
			owner varchar(140),
			docstatus tinyint not null default '0',
			idx int not null default '0',
			`template` varchar(140) UNIQUE,
`_user_tags` text,
`_comments` text,
`_assign` text,
`_liked_by` text,
index creation(creation))
			ENGINE=InnoDB
			ROW_FORMAT=DYNAMIC
			CHARACTER SET=utf8mb4
			COLLATE=utf8mb4_unicode_ci
2024-10-06 09:46:04,505 WARNING database DDL Query made to DB:
create table `tabQuality Feedback Template Parameter` (
			name varchar(140) primary key,
			creation datetime(6),
			modified datetime(6),
			modified_by varchar(140),
			owner varchar(140),
			docstatus tinyint not null default '0',
			idx int not null default '0',
			`parameter` varchar(140),
parent varchar(140),
parentfield varchar(140),
parenttype varchar(140),
index parent(parent))
			ENGINE=InnoDB
			ROW_FORMAT=DYNAMIC
			CHARACTER SET=utf8mb4
			COLLATE=utf8mb4_unicode_ci
2024-10-06 09:46:04,612 WARNING database DDL Query made to DB:
create table `tabQuality Procedure` (
			name varchar(140) primary key,
			creation datetime(6),
			modified datetime(6),
			modified_by varchar(140),
			owner varchar(140),
			docstatus tinyint not null default '0',
			idx int not null default '0',
			`quality_procedure_name` varchar(140) UNIQUE,
`process_owner` varchar(140),
`process_owner_full_name` varchar(140),
`parent_quality_procedure` varchar(140),
`is_group` tinyint NOT NULL DEFAULT 0,
`rgt` int NOT NULL DEFAULT 0,
`lft` int NOT NULL DEFAULT 0,
`old_parent` varchar(140),
`_user_tags` text,
`_comments` text,
`_assign` text,
`_liked_by` text,
index creation(creation))
			ENGINE=InnoDB
			ROW_FORMAT=DYNAMIC
			CHARACTER SET=utf8mb4
			COLLATE=utf8mb4_unicode_ci
2024-10-06 09:46:04,686 WARNING database DDL Query made to DB:
create table `tabQuality Goal Objective` (
			name varchar(140) primary key,
			creation datetime(6),
			modified datetime(6),
			modified_by varchar(140),
			owner varchar(140),
			docstatus tinyint not null default '0',
			idx int not null default '0',
			`objective` text,
`target` varchar(140),
`uom` varchar(140),
parent varchar(140),
parentfield varchar(140),
parenttype varchar(140),
index parent(parent))
			ENGINE=InnoDB
			ROW_FORMAT=DYNAMIC
			CHARACTER SET=utf8mb4
			COLLATE=utf8mb4_unicode_ci
2024-10-06 09:46:04,754 WARNING database DDL Query made to DB:
create table `tabQuality Meeting Agenda` (
			name varchar(140) primary key,
			creation datetime(6),
			modified datetime(6),
			modified_by varchar(140),
			owner varchar(140),
			docstatus tinyint not null default '0',
			idx int not null default '0',
			`agenda` longtext,
parent varchar(140),
parentfield varchar(140),
parenttype varchar(140),
index parent(parent))
			ENGINE=InnoDB
			ROW_FORMAT=DYNAMIC
			CHARACTER SET=utf8mb4
			COLLATE=utf8mb4_unicode_ci
2024-10-06 09:46:04,837 WARNING database DDL Query made to DB:
create table `tabQuality Meeting Minutes` (
			name varchar(140) primary key,
			creation datetime(6),
			modified datetime(6),
			modified_by varchar(140),
			owner varchar(140),
			docstatus tinyint not null default '0',
			idx int not null default '0',
			`document_type` varchar(140),
`document_name` varchar(140),
`minute` longtext,
parent varchar(140),
parentfield varchar(140),
parenttype varchar(140),
index parent(parent))
			ENGINE=InnoDB
			ROW_FORMAT=DYNAMIC
			CHARACTER SET=utf8mb4
			COLLATE=utf8mb4_unicode_ci
2024-10-06 09:46:04,980 WARNING database DDL Query made to DB:
create table `tabQuality Action` (
			name varchar(140) primary key,
			creation datetime(6),
			modified datetime(6),
			modified_by varchar(140),
			owner varchar(140),
			docstatus tinyint not null default '0',
			idx int not null default '0',
			`corrective_preventive` varchar(140) DEFAULT 'Corrective',
`review` varchar(140),
`feedback` varchar(140),
`status` varchar(140) DEFAULT 'Open',
`date` date,
`goal` varchar(140),
`procedure` varchar(140),
`_user_tags` text,
`_comments` text,
`_assign` text,
`_liked_by` text,
index creation(creation))
			ENGINE=InnoDB
			ROW_FORMAT=DYNAMIC
			CHARACTER SET=utf8mb4
			COLLATE=utf8mb4_unicode_ci
2024-10-06 09:46:05,067 WARNING database DDL Query made to DB:
create table `tabNon Conformance` (
			name varchar(140) primary key,
			creation datetime(6),
			modified datetime(6),
			modified_by varchar(140),
			owner varchar(140),
			docstatus tinyint not null default '0',
			idx int not null default '0',
			`subject` varchar(140),
`procedure` varchar(140),
`process_owner` varchar(140),
`full_name` varchar(140),
`status` varchar(140),
`details` longtext,
`corrective_action` longtext,
`preventive_action` longtext,
`_user_tags` text,
`_comments` text,
`_assign` text,
`_liked_by` text,
index creation(creation))
			ENGINE=InnoDB
			ROW_FORMAT=DYNAMIC
			CHARACTER SET=utf8mb4
			COLLATE=utf8mb4_unicode_ci
2024-10-06 09:46:05,189 WARNING database DDL Query made to DB:
create table `tabCommunication Medium Timeslot` (
			name varchar(140) primary key,
			creation datetime(6),
			modified datetime(6),
			modified_by varchar(140),
			owner varchar(140),
			docstatus tinyint not null default '0',
			idx int not null default '0',
			`day_of_week` varchar(140),
`from_time` time(6),
`to_time` time(6),
`employee_group` varchar(140),
parent varchar(140),
parentfield varchar(140),
parenttype varchar(140),
index parent(parent))
			ENGINE=InnoDB
			ROW_FORMAT=DYNAMIC
			CHARACTER SET=utf8mb4
			COLLATE=utf8mb4_unicode_ci
2024-10-06 09:46:05,300 WARNING database DDL Query made to DB:
create table `tabCommunication Medium` (
			name varchar(140) primary key,
			creation datetime(6),
			modified datetime(6),
			modified_by varchar(140),
			owner varchar(140),
			docstatus tinyint not null default '0',
			idx int not null default '0',
			`communication_channel` varchar(140),
`communication_medium_type` varchar(140),
`catch_all` varchar(140),
`provider` varchar(140),
`disabled` tinyint NOT NULL DEFAULT 0,
`_user_tags` text,
`_comments` text,
`_assign` text,
`_liked_by` text,
index creation(creation))
			ENGINE=InnoDB
			ROW_FORMAT=DYNAMIC
			CHARACTER SET=utf8mb4
			COLLATE=utf8mb4_unicode_ci
2024-10-06 09:46:05,380 WARNING database DDL Query made to DB:
create table `tabIncoming Call Settings` (
			name varchar(140) primary key,
			creation datetime(6),
			modified datetime(6),
			modified_by varchar(140),
			owner varchar(140),
			docstatus tinyint not null default '0',
			idx int not null default '0',
			`call_routing` varchar(140) DEFAULT 'Sequential',
`greeting_message` varchar(140),
`agent_busy_message` varchar(140),
`agent_unavailable_message` varchar(140),
`_user_tags` text,
`_comments` text,
`_assign` text,
`_liked_by` text,
index creation(creation))
			ENGINE=InnoDB
			ROW_FORMAT=DYNAMIC
			CHARACTER SET=utf8mb4
			COLLATE=utf8mb4_unicode_ci
2024-10-06 09:46:05,474 WARNING database DDL Query made to DB:
create table `tabTelephony Call Type` (
			name varchar(140) primary key,
			creation datetime(6),
			modified datetime(6),
			modified_by varchar(140),
			owner varchar(140),
			docstatus tinyint not null default '0',
			idx int not null default '0',
			`call_type` varchar(140) UNIQUE,
`amended_from` varchar(140),
`_user_tags` text,
`_comments` text,
`_assign` text,
`_liked_by` text,
index creation(creation))
			ENGINE=InnoDB
			ROW_FORMAT=DYNAMIC
			CHARACTER SET=utf8mb4
			COLLATE=utf8mb4_unicode_ci
2024-10-06 09:46:05,554 WARNING database DDL Query made to DB:
create table `tabIncoming Call Handling Schedule` (
			name varchar(140) primary key,
			creation datetime(6),
			modified datetime(6),
			modified_by varchar(140),
			owner varchar(140),
			docstatus tinyint not null default '0',
			idx int not null default '0',
			`day_of_week` varchar(140),
`from_time` time(6) DEFAULT '9:00:00',
`to_time` time(6) DEFAULT '17:00:00',
`agent_group` varchar(140),
parent varchar(140),
parentfield varchar(140),
parenttype varchar(140),
index parent(parent))
			ENGINE=InnoDB
			ROW_FORMAT=DYNAMIC
			CHARACTER SET=utf8mb4
			COLLATE=utf8mb4_unicode_ci
2024-10-06 09:46:05,645 WARNING database DDL Query made to DB:
create table `tabVoice Call Settings` (
			name varchar(140) primary key,
			creation datetime(6),
			modified datetime(6),
			modified_by varchar(140),
			owner varchar(140),
			docstatus tinyint not null default '0',
			idx int not null default '0',
			`user` varchar(140) UNIQUE,
`call_receiving_device` varchar(140) DEFAULT 'Computer',
`greeting_message` varchar(140),
`agent_busy_message` varchar(140),
`agent_unavailable_message` varchar(140),
`_user_tags` text,
`_comments` text,
`_assign` text,
`_liked_by` text,
index creation(creation))
			ENGINE=InnoDB
			ROW_FORMAT=DYNAMIC
			CHARACTER SET=utf8mb4
			COLLATE=utf8mb4_unicode_ci
2024-10-06 09:46:05,767 WARNING database DDL Query made to DB:
create table `tabCall Log` (
			name varchar(140) primary key,
			creation datetime(6),
			modified datetime(6),
			modified_by varchar(140),
			owner varchar(140),
			docstatus tinyint not null default '0',
			idx int not null default '0',
			`id` varchar(140) UNIQUE,
`from` varchar(140),
`to` varchar(140),
`call_received_by` varchar(140),
`employee_user_id` varchar(140),
`medium` varchar(140),
`start_time` datetime(6),
`end_time` datetime(6),
`type` varchar(140),
`customer` varchar(140),
`status` varchar(140),
`duration` decimal(21,9),
`recording_url` varchar(140),
`type_of_call` varchar(140),
`summary` text,
`_user_tags` text,
`_comments` text,
`_assign` text,
`_liked_by` text,
index creation(creation))
			ENGINE=InnoDB
			ROW_FORMAT=DYNAMIC
			CHARACTER SET=utf8mb4
			COLLATE=utf8mb4_unicode_ci
2024-10-06 09:46:05,921 WARNING database DDL Query made to DB:
create table `tabBulk Transaction Log Detail` (
			name varchar(140) primary key,
			creation datetime(6),
			modified datetime(6),
			modified_by varchar(140),
			owner varchar(140),
			docstatus tinyint not null default '0',
			idx int not null default '0',
			`from_doctype` varchar(140),
`transaction_name` varchar(140),
`date` date,
`time` time(6),
`transaction_status` varchar(140),
`error_description` longtext,
`to_doctype` varchar(140),
`retried` int NOT NULL DEFAULT 0,
`_user_tags` text,
`_comments` text,
`_assign` text,
`_liked_by` text,
index `from_doctype`(`from_doctype`),
index `transaction_name`(`transaction_name`),
index `date`(`date`),
index creation(creation))
			ENGINE=InnoDB
			ROW_FORMAT=DYNAMIC
			CHARACTER SET=utf8mb4
			COLLATE=utf8mb4_unicode_ci
2024-10-06 09:46:06,122 WARNING database DDL Query made to DB:
create table `tabSubcontracting Receipt` (
			name varchar(140) primary key,
			creation datetime(6),
			modified datetime(6),
			modified_by varchar(140),
			owner varchar(140),
			docstatus tinyint not null default '0',
			idx int not null default '0',
			`title` varchar(140) DEFAULT '{supplier_name}',
`naming_series` varchar(140),
`supplier` varchar(140),
`supplier_name` varchar(140),
`supplier_delivery_note` varchar(140),
`company` varchar(140),
`posting_date` date,
`posting_time` time(6),
`set_posting_time` tinyint NOT NULL DEFAULT 0,
`is_return` tinyint NOT NULL DEFAULT 0,
`return_against` varchar(140),
`cost_center` varchar(140),
`project` varchar(140),
`set_warehouse` varchar(140),
`rejected_warehouse` varchar(140),
`supplier_warehouse` varchar(140),
`total_qty` decimal(21,9) NOT NULL DEFAULT 0.0,
`total` decimal(21,9) NOT NULL DEFAULT 0.0,
`in_words` varchar(240),
`bill_no` varchar(140),
`bill_date` date,
`supplier_address` varchar(140),
`contact_person` varchar(140),
`address_display` longtext,
`contact_display` text,
`contact_mobile` text,
`contact_email` text,
`shipping_address` varchar(140),
`shipping_address_display` longtext,
`billing_address` varchar(140),
`billing_address_display` longtext,
`distribute_additional_costs_based_on` varchar(140) DEFAULT 'Qty',
`total_additional_costs` decimal(21,9) NOT NULL DEFAULT 0.0,
`amended_from` varchar(140),
`range` varchar(140),
`represents_company` varchar(140),
`status` varchar(140) DEFAULT 'Draft',
`per_returned` decimal(21,9) NOT NULL DEFAULT 0.0,
`auto_repeat` varchar(140),
`letter_head` varchar(140),
`language` varchar(140),
`instructions` text,
`select_print_heading` varchar(140),
`remarks` text,
`transporter_name` varchar(140),
`lr_no` varchar(140),
`lr_date` date,
`_user_tags` text,
`_comments` text,
`_assign` text,
`_liked_by` text,
index `supplier`(`supplier`),
index `posting_date`(`posting_date`),
index `status`(`status`),
index creation(creation))
			ENGINE=InnoDB
			ROW_FORMAT=DYNAMIC
			CHARACTER SET=utf8mb4
			COLLATE=utf8mb4_unicode_ci
2024-10-06 09:46:06,251 WARNING database DDL Query made to DB:
create table `tabSubcontracting Receipt Supplied Item` (
			name varchar(140) primary key,
			creation datetime(6),
			modified datetime(6),
			modified_by varchar(140),
			owner varchar(140),
			docstatus tinyint not null default '0',
			idx int not null default '0',
			`main_item_code` varchar(140),
`rm_item_code` varchar(140),
`item_name` varchar(140),
`bom_detail_no` varchar(140),
`description` longtext,
`stock_uom` varchar(140),
`conversion_factor` decimal(21,9) NOT NULL DEFAULT 1.0,
`reference_name` varchar(140),
`rate` decimal(21,9) NOT NULL DEFAULT 0.0,
`amount` decimal(21,9) NOT NULL DEFAULT 0.0,
`available_qty_for_consumption` decimal(21,9) NOT NULL DEFAULT 0.0,
`required_qty` decimal(21,9) NOT NULL DEFAULT 0.0,
`consumed_qty` decimal(21,9) NOT NULL DEFAULT 0.0,
`current_stock` decimal(21,9) NOT NULL DEFAULT 0.0,
`serial_and_batch_bundle` varchar(140),
`use_serial_batch_fields` tinyint NOT NULL DEFAULT 0,
`subcontracting_order` varchar(140),
`serial_no` text,
`batch_no` varchar(140),
parent varchar(140),
parentfield varchar(140),
parenttype varchar(140),
index parent(parent))
			ENGINE=InnoDB
			ROW_FORMAT=DYNAMIC
			CHARACTER SET=utf8mb4
			COLLATE=utf8mb4_unicode_ci
2024-10-06 09:46:06,359 WARNING database DDL Query made to DB:
create table `tabSubcontracting Order Service Item` (
			name varchar(140) primary key,
			creation datetime(6),
			modified datetime(6),
			modified_by varchar(140),
			owner varchar(140),
			docstatus tinyint not null default '0',
			idx int not null default '0',
			`item_code` varchar(140),
`item_name` varchar(140),
`qty` decimal(21,9) NOT NULL DEFAULT 0.0,
`rate` decimal(21,9) NOT NULL DEFAULT 0.0,
`amount` decimal(21,9) NOT NULL DEFAULT 0.0,
`fg_item` varchar(140),
`fg_item_qty` decimal(21,9) NOT NULL DEFAULT 1.0,
`purchase_order_item` varchar(140),
`material_request` varchar(140),
`material_request_item` varchar(140),
index `item_code`(`item_code`),
index `purchase_order_item`(`purchase_order_item`),
parent varchar(140),
parentfield varchar(140),
parenttype varchar(140),
index parent(parent))
			ENGINE=InnoDB
			ROW_FORMAT=DYNAMIC
			CHARACTER SET=utf8mb4
			COLLATE=utf8mb4_unicode_ci
2024-10-06 09:46:06,496 WARNING database DDL Query made to DB:
create table `tabSubcontracting Order Item` (
			name varchar(140) primary key,
			creation datetime(6),
			modified datetime(6),
			modified_by varchar(140),
			owner varchar(140),
			docstatus tinyint not null default '0',
			idx int not null default '0',
			`item_code` varchar(140),
`item_name` varchar(140),
`bom` varchar(140),
`include_exploded_items` tinyint NOT NULL DEFAULT 0,
`schedule_date` date,
`expected_delivery_date` date,
`description` longtext,
`image` text,
`qty` decimal(21,9) NOT NULL DEFAULT 1.0,
`received_qty` decimal(21,9) NOT NULL DEFAULT 0.0,
`returned_qty` decimal(21,9) NOT NULL DEFAULT 0.0,
`stock_uom` varchar(140),
`conversion_factor` decimal(21,9) NOT NULL DEFAULT 1.0,
`rate` decimal(21,9) NOT NULL DEFAULT 0.0,
`amount` decimal(21,9) NOT NULL DEFAULT 0.0,
`rm_cost_per_qty` decimal(21,9) NOT NULL DEFAULT 0.0,
`service_cost_per_qty` decimal(21,9) NOT NULL DEFAULT 0.0,
`additional_cost_per_qty` decimal(21,9) NOT NULL DEFAULT 0.0,
`warehouse` varchar(140),
`expense_account` varchar(140),
`manufacturer` varchar(140),
`manufacturer_part_no` varchar(140),
`material_request` varchar(140),
`material_request_item` varchar(140),
`cost_center` varchar(140),
`project` varchar(140),
`job_card` varchar(140),
`purchase_order_item` varchar(140),
`page_break` tinyint NOT NULL DEFAULT 0,
index `item_code`(`item_code`),
index `expected_delivery_date`(`expected_delivery_date`),
index `material_request`(`material_request`),
index `material_request_item`(`material_request_item`),
index `purchase_order_item`(`purchase_order_item`),
parent varchar(140),
parentfield varchar(140),
parenttype varchar(140),
index parent(parent))
			ENGINE=InnoDB
			ROW_FORMAT=DYNAMIC
			CHARACTER SET=utf8mb4
			COLLATE=utf8mb4_unicode_ci
2024-10-06 09:46:06,602 WARNING database DDL Query made to DB:
create table `tabSubcontracting BOM` (
			name varchar(140) primary key,
			creation datetime(6),
			modified datetime(6),
			modified_by varchar(140),
			owner varchar(140),
			docstatus tinyint not null default '0',
			idx int not null default '0',
			`is_active` tinyint NOT NULL DEFAULT 1,
`finished_good` varchar(140),
`finished_good_qty` decimal(21,9) NOT NULL DEFAULT 1.0,
`finished_good_uom` varchar(140),
`finished_good_bom` varchar(140),
`service_item` varchar(140),
`service_item_qty` decimal(21,9) NOT NULL DEFAULT 1.0,
`service_item_uom` varchar(140),
`conversion_factor` decimal(21,9) NOT NULL DEFAULT 0.0,
`_user_tags` text,
`_comments` text,
`_assign` text,
`_liked_by` text,
index `finished_good`(`finished_good`),
index `finished_good_bom`(`finished_good_bom`),
index `service_item`(`service_item`),
index creation(creation))
			ENGINE=InnoDB
			ROW_FORMAT=DYNAMIC
			CHARACTER SET=utf8mb4
			COLLATE=utf8mb4_unicode_ci
2024-10-06 09:46:06,704 WARNING database DDL Query made to DB:
create table `tabSubcontracting Order Supplied Item` (
			name varchar(140) primary key,
			creation datetime(6),
			modified datetime(6),
			modified_by varchar(140),
			owner varchar(140),
			docstatus tinyint not null default '0',
			idx int not null default '0',
			`main_item_code` varchar(140),
`rm_item_code` varchar(140),
`stock_uom` varchar(140),
`conversion_factor` decimal(21,9) NOT NULL DEFAULT 1.0,
`reserve_warehouse` varchar(140),
`bom_detail_no` varchar(140),
`reference_name` varchar(140),
`rate` decimal(21,9) NOT NULL DEFAULT 0.0,
`amount` decimal(21,9) NOT NULL DEFAULT 0.0,
`required_qty` decimal(21,9) NOT NULL DEFAULT 0.0,
`supplied_qty` decimal(21,9) NOT NULL DEFAULT 0.0,
`consumed_qty` decimal(21,9) NOT NULL DEFAULT 0.0,
`returned_qty` decimal(21,9) NOT NULL DEFAULT 0.0,
`total_supplied_qty` decimal(21,9) NOT NULL DEFAULT 0.0,
parent varchar(140),
parentfield varchar(140),
parenttype varchar(140),
index parent(parent))
			ENGINE=InnoDB
			ROW_FORMAT=DYNAMIC
			CHARACTER SET=utf8mb4
			COLLATE=utf8mb4_unicode_ci
2024-10-06 09:46:06,894 WARNING database DDL Query made to DB:
create table `tabSubcontracting Order` (
			name varchar(140) primary key,
			creation datetime(6),
			modified datetime(6),
			modified_by varchar(140),
			owner varchar(140),
			docstatus tinyint not null default '0',
			idx int not null default '0',
			`title` varchar(140) DEFAULT '{supplier_name}',
`naming_series` varchar(140),
`purchase_order` varchar(140),
`supplier` varchar(140),
`supplier_name` varchar(140),
`supplier_warehouse` varchar(140),
`company` varchar(140),
`transaction_date` date,
`schedule_date` date,
`amended_from` varchar(140),
`cost_center` varchar(140),
`project` varchar(140),
`set_warehouse` varchar(140),
`total_qty` decimal(21,9) NOT NULL DEFAULT 0.0,
`total` decimal(21,9) NOT NULL DEFAULT 0.0,
`set_reserve_warehouse` varchar(140),
`supplier_address` varchar(140),
`address_display` longtext,
`contact_person` varchar(140),
`contact_display` text,
`contact_mobile` text,
`contact_email` text,
`shipping_address` varchar(140),
`shipping_address_display` longtext,
`billing_address` varchar(140),
`billing_address_display` longtext,
`distribute_additional_costs_based_on` varchar(140) DEFAULT 'Qty',
`total_additional_costs` decimal(21,9) NOT NULL DEFAULT 0.0,
`status` varchar(140) DEFAULT 'Draft',
`per_received` decimal(21,9) NOT NULL DEFAULT 0.0,
`select_print_heading` varchar(140),
`letter_head` varchar(140),
`_user_tags` text,
`_comments` text,
`_assign` text,
`_liked_by` text,
index `supplier`(`supplier`),
index `transaction_date`(`transaction_date`),
index `status`(`status`),
index creation(creation))
			ENGINE=InnoDB
			ROW_FORMAT=DYNAMIC
			CHARACTER SET=utf8mb4
			COLLATE=utf8mb4_unicode_ci
2024-10-06 09:46:07,111 WARNING database DDL Query made to DB:
create table `tabSubcontracting Receipt Item` (
			name varchar(140) primary key,
			creation datetime(6),
			modified datetime(6),
			modified_by varchar(140),
			owner varchar(140),
			docstatus tinyint not null default '0',
			idx int not null default '0',
			`item_code` varchar(140),
`item_name` varchar(140),
`is_scrap_item` tinyint NOT NULL DEFAULT 0,
`description` longtext,
`brand` varchar(140),
`image` text,
`received_qty` decimal(21,9) NOT NULL DEFAULT 0.0,
`qty` decimal(21,9) NOT NULL DEFAULT 0.0,
`rejected_qty` decimal(21,9) NOT NULL DEFAULT 0.0,
`returned_qty` decimal(21,9) NOT NULL DEFAULT 0.0,
`stock_uom` varchar(140),
`conversion_factor` decimal(21,9) NOT NULL DEFAULT 1.0,
`rate` decimal(21,9) NOT NULL DEFAULT 0.0,
`amount` decimal(21,9) NOT NULL DEFAULT 0.0,
`rm_cost_per_qty` decimal(21,9) NOT NULL DEFAULT 0.0,
`service_cost_per_qty` decimal(21,9) NOT NULL DEFAULT 0.0,
`additional_cost_per_qty` decimal(21,9) NOT NULL DEFAULT 0.0,
`scrap_cost_per_qty` decimal(21,9) NOT NULL DEFAULT 0.0,
`rm_supp_cost` decimal(21,9) NOT NULL DEFAULT 0.0,
`warehouse` varchar(140),
`subcontracting_order` varchar(140),
`subcontracting_order_item` varchar(140),
`subcontracting_receipt_item` varchar(140),
`job_card` varchar(140),
`rejected_warehouse` varchar(140),
`bom` varchar(140),
`include_exploded_items` tinyint NOT NULL DEFAULT 0,
`quality_inspection` varchar(140),
`schedule_date` date,
`reference_name` varchar(140),
`serial_and_batch_bundle` varchar(140),
`use_serial_batch_fields` tinyint NOT NULL DEFAULT 0,
`rejected_serial_and_batch_bundle` varchar(140),
`serial_no` text,
`rejected_serial_no` text,
`batch_no` varchar(140),
`manufacturer` varchar(140),
`manufacturer_part_no` varchar(140),
`expense_account` varchar(140),
`cost_center` varchar(140),
`project` varchar(140),
`page_break` tinyint NOT NULL DEFAULT 0,
`purchase_order` varchar(140),
`purchase_order_item` varchar(140),
index `item_code`(`item_code`),
index `subcontracting_order`(`subcontracting_order`),
index `subcontracting_order_item`(`subcontracting_order_item`),
index `job_card`(`job_card`),
index `purchase_order`(`purchase_order`),
index `purchase_order_item`(`purchase_order_item`),
parent varchar(140),
parentfield varchar(140),
parenttype varchar(140),
index parent(parent))
			ENGINE=InnoDB
			ROW_FORMAT=DYNAMIC
			CHARACTER SET=utf8mb4
			COLLATE=utf8mb4_unicode_ci
2024-10-06 11:41:27,385 WARNING database DDL Query made to DB:
create table `tabBus Booking` (
			name varchar(140) primary key,
			creation datetime(6),
			modified datetime(6),
			modified_by varchar(140),
			owner varchar(140),
			docstatus tinyint not null default '0',
			idx int not null default '0',
			`amended_from` varchar(140),
`_user_tags` text,
`_comments` text,
`_assign` text,
`_liked_by` text,
index `amended_from`(`amended_from`),
index creation(creation))
			ENGINE=InnoDB
			ROW_FORMAT=DYNAMIC
			CHARACTER SET=utf8mb4
			COLLATE=utf8mb4_unicode_ci
2024-10-06 11:45:23,600 WARNING database DDL Query made to DB:
ALTER TABLE `tabBus Booking` ADD COLUMN `departure_location` longtext, ADD COLUMN `destination` longtext, ADD COLUMN `date_of_journey` date, ADD COLUMN `number_of_seats` int NOT NULL DEFAULT 0
2024-10-06 11:48:39,880 WARNING database DDL Query made to DB:
ALTER TABLE `tabBus Booking` MODIFY `destination` varchar(140), MODIFY `departure_location` varchar(140), MODIFY `number_of_seats` int NOT NULL DEFAULT 0
2024-10-06 11:54:26,493 WARNING database DDL Query made to DB:
alter table `tabDocType` add column if not exists migration_hash varchar(140)
2024-10-06 11:54:33,963 WARNING database DDL Query made to DB:
ALTER TABLE `tabAddress` ADD COLUMN `tax_category` varchar(140), ADD COLUMN `is_your_company_address` tinyint NOT NULL DEFAULT 0
2024-10-06 11:54:33,980 WARNING database DDL Query made to DB:
ALTER TABLE `tabAddress` MODIFY `disabled` tinyint NOT NULL DEFAULT 0, MODIFY `is_primary_address` tinyint NOT NULL DEFAULT 0, MODIFY `is_shipping_address` tinyint NOT NULL DEFAULT 0
2024-10-06 11:54:34,073 WARNING database DDL Query made to DB:
ALTER TABLE `tabContact` ADD COLUMN `is_billing_contact` tinyint NOT NULL DEFAULT 0
2024-10-06 11:54:34,089 WARNING database DDL Query made to DB:
ALTER TABLE `tabContact` MODIFY `sync_with_google_contacts` tinyint NOT NULL DEFAULT 0, MODIFY `is_primary_contact` tinyint NOT NULL DEFAULT 0, MODIFY `unsubscribed` tinyint NOT NULL DEFAULT 0, MODIFY `pulled_from_google_contacts` tinyint NOT NULL DEFAULT 0
2024-10-06 15:46:01,339 WARNING database DDL Query made to DB:
create table `tabTrip Schedule` (
			name varchar(140) primary key,
			creation datetime(6),
			modified datetime(6),
			modified_by varchar(140),
			owner varchar(140),
			docstatus tinyint not null default '0',
			idx int not null default '0',
			`_user_tags` text,
`_comments` text,
`_assign` text,
`_liked_by` text,
index creation(creation))
			ENGINE=InnoDB
			ROW_FORMAT=DYNAMIC
			CHARACTER SET=utf8mb4
			COLLATE=utf8mb4_unicode_ci
2024-10-06 15:48:32,846 WARNING database DDL Query made to DB:
ALTER TABLE `tabTrip Schedule` ADD COLUMN `trip_date` date, ADD COLUMN `origin` varchar(140), ADD COLUMN `destination` varchar(140), ADD COLUMN `available_seats` varchar(140), ADD COLUMN `time` time(6)
2024-10-06 15:52:45,635 WARNING database DDL Query made to DB:
alter table `tabDocType` add column if not exists migration_hash varchar(140)
2024-10-06 15:52:50,060 WARNING database DDL Query made to DB:
ALTER TABLE `tabAddress` MODIFY `is_primary_address` tinyint NOT NULL DEFAULT 0, MODIFY `disabled` tinyint NOT NULL DEFAULT 0, MODIFY `is_your_company_address` tinyint NOT NULL DEFAULT 0, MODIFY `is_shipping_address` tinyint NOT NULL DEFAULT 0
2024-10-06 15:52:50,133 WARNING database DDL Query made to DB:
ALTER TABLE `tabContact` MODIFY `unsubscribed` tinyint NOT NULL DEFAULT 0, MODIFY `sync_with_google_contacts` tinyint NOT NULL DEFAULT 0, MODIFY `pulled_from_google_contacts` tinyint NOT NULL DEFAULT 0, MODIFY `is_primary_contact` tinyint NOT NULL DEFAULT 0, MODIFY `is_billing_contact` tinyint NOT NULL DEFAULT 0
2024-10-06 16:01:07,365 WARNING database DDL Query made to DB:
create table `tabBooking` (
			name varchar(140) primary key,
			creation datetime(6),
			modified datetime(6),
			modified_by varchar(140),
			owner varchar(140),
			docstatus tinyint not null default '0',
			idx int not null default '0',
			`_user_tags` text,
`_comments` text,
`_assign` text,
`_liked_by` text,
index creation(creation))
			ENGINE=InnoDB
			ROW_FORMAT=DYNAMIC
			CHARACTER SET=utf8mb4
			COLLATE=utf8mb4_unicode_ci
2024-10-06 16:03:45,458 WARNING database DDL Query made to DB:
ALTER TABLE `tabBooking` ADD COLUMN `trip` varchar(140), ADD COLUMN `seat_number` int NOT NULL DEFAULT 0, ADD COLUMN `customer_name` varchar(140), ADD COLUMN `customer_email` varchar(140), ADD COLUMN `customer_id` varchar(140), ADD COLUMN `payment_method` varchar(140)
2024-10-06 16:04:00,838 WARNING database DDL Query made to DB:
ALTER TABLE `tabBooking` MODIFY `seat_number` int NOT NULL DEFAULT 0
2024-10-06 16:05:10,008 WARNING database DDL Query made to DB:
create table `tabCustomer Information DocType` (
			name varchar(140) primary key,
			creation datetime(6),
			modified datetime(6),
			modified_by varchar(140),
			owner varchar(140),
			docstatus tinyint not null default '0',
			idx int not null default '0',
			`_user_tags` text,
`_comments` text,
`_assign` text,
`_liked_by` text,
index creation(creation))
			ENGINE=InnoDB
			ROW_FORMAT=DYNAMIC
			CHARACTER SET=utf8mb4
			COLLATE=utf8mb4_unicode_ci
2024-10-06 16:05:52,203 WARNING database DDL Query made to DB:
ALTER TABLE `tabCustomer Information DocType` ADD COLUMN `name1` varchar(140), ADD COLUMN `age` int NOT NULL DEFAULT 0, ADD COLUMN `identity_number` varchar(140), ADD COLUMN `email` varchar(140)
2024-10-06 16:06:19,810 WARNING database DDL Query made to DB:
ALTER TABLE `tabCustomer Information DocType` MODIFY `age` int NOT NULL DEFAULT 0
2024-10-06 16:06:57,216 WARNING database DDL Query made to DB:
ALTER TABLE `tabCustomer Information DocType` MODIFY `age` int NOT NULL DEFAULT 0
2024-10-06 16:07:22,014 WARNING database DDL Query made to DB:
ALTER TABLE `tabCustomer Information DocType` MODIFY `age` int NOT NULL DEFAULT 0
2024-10-06 16:07:40,333 WARNING database DDL Query made to DB:
ALTER TABLE `tabCustomer Information DocType` MODIFY `age` int NOT NULL DEFAULT 0
2024-10-06 16:08:00,903 WARNING database DDL Query made to DB:
ALTER TABLE `tabCustomer Information DocType` MODIFY `age` int NOT NULL DEFAULT 0
2024-10-06 16:15:00,904 WARNING database DDL Query made to DB:
ALTER TABLE `tabTrip Schedule` MODIFY `available_seats` int NOT NULL DEFAULT 0
2024-10-06 16:15:25,031 WARNING database DDL Query made to DB:
ALTER TABLE `tabTrip Schedule` MODIFY `available_seats` int NOT NULL DEFAULT 0
2024-10-06 16:15:55,040 WARNING database DDL Query made to DB:
ALTER TABLE `tabTrip Schedule` MODIFY `time` datetime(6), MODIFY `available_seats` int NOT NULL DEFAULT 0
2024-10-06 16:16:28,082 WARNING database DDL Query made to DB:
ALTER TABLE `tabTrip Schedule` MODIFY `available_seats` int NOT NULL DEFAULT 0
2024-10-06 16:35:02,966 WARNING database DDL Query made to DB:
alter table `tabDocType` add column if not exists migration_hash varchar(140)
2024-10-06 16:35:07,833 WARNING database DDL Query made to DB:
ALTER TABLE `tabAddress` MODIFY `is_primary_address` tinyint NOT NULL DEFAULT 0, MODIFY `is_your_company_address` tinyint NOT NULL DEFAULT 0, MODIFY `disabled` tinyint NOT NULL DEFAULT 0, MODIFY `is_shipping_address` tinyint NOT NULL DEFAULT 0
2024-10-06 16:35:07,910 WARNING database DDL Query made to DB:
ALTER TABLE `tabContact` MODIFY `unsubscribed` tinyint NOT NULL DEFAULT 0, MODIFY `is_billing_contact` tinyint NOT NULL DEFAULT 0, MODIFY `pulled_from_google_contacts` tinyint NOT NULL DEFAULT 0, MODIFY `sync_with_google_contacts` tinyint NOT NULL DEFAULT 0, MODIFY `is_primary_contact` tinyint NOT NULL DEFAULT 0
2024-10-06 18:06:22,480 WARNING database DDL Query made to DB:
alter table `tabDocType` add column if not exists migration_hash varchar(140)
2024-10-06 18:06:27,702 WARNING database DDL Query made to DB:
ALTER TABLE `tabAddress` MODIFY `disabled` tinyint NOT NULL DEFAULT 0, MODIFY `is_your_company_address` tinyint NOT NULL DEFAULT 0, MODIFY `is_shipping_address` tinyint NOT NULL DEFAULT 0, MODIFY `is_primary_address` tinyint NOT NULL DEFAULT 0
2024-10-06 18:06:27,781 WARNING database DDL Query made to DB:
ALTER TABLE `tabContact` MODIFY `pulled_from_google_contacts` tinyint NOT NULL DEFAULT 0, MODIFY `unsubscribed` tinyint NOT NULL DEFAULT 0, MODIFY `is_billing_contact` tinyint NOT NULL DEFAULT 0, MODIFY `is_primary_contact` tinyint NOT NULL DEFAULT 0, MODIFY `sync_with_google_contacts` tinyint NOT NULL DEFAULT 0
2024-10-06 18:30:47,139 WARNING database DDL Query made to DB:
ALTER TABLE `tabTrip Schedule` MODIFY `available_seats` int NOT NULL DEFAULT 0
2024-10-06 18:33:33,805 WARNING database DDL Query made to DB:
alter table `tabDocType` add column if not exists migration_hash varchar(140)
2024-10-06 18:33:38,676 WARNING database DDL Query made to DB:
ALTER TABLE `tabAddress` MODIFY `is_primary_address` tinyint NOT NULL DEFAULT 0, MODIFY `is_shipping_address` tinyint NOT NULL DEFAULT 0, MODIFY `is_your_company_address` tinyint NOT NULL DEFAULT 0, MODIFY `disabled` tinyint NOT NULL DEFAULT 0
2024-10-06 18:33:38,754 WARNING database DDL Query made to DB:
ALTER TABLE `tabContact` MODIFY `is_primary_contact` tinyint NOT NULL DEFAULT 0, MODIFY `unsubscribed` tinyint NOT NULL DEFAULT 0, MODIFY `pulled_from_google_contacts` tinyint NOT NULL DEFAULT 0, MODIFY `sync_with_google_contacts` tinyint NOT NULL DEFAULT 0, MODIFY `is_billing_contact` tinyint NOT NULL DEFAULT 0
2024-10-07 08:09:10,736 WARNING database DDL Query made to DB:
create table `tabTrip Details` (
			name varchar(140) primary key,
			creation datetime(6),
			modified datetime(6),
			modified_by varchar(140),
			owner varchar(140),
			docstatus tinyint not null default '0',
			idx int not null default '0',
			`_user_tags` text,
`_comments` text,
`_assign` text,
`_liked_by` text,
index creation(creation))
			ENGINE=InnoDB
			ROW_FORMAT=DYNAMIC
			CHARACTER SET=utf8mb4
			COLLATE=utf8mb4_unicode_ci
2024-10-07 21:24:14,474 WARNING database DDL Query made to DB:
ALTER TABLE `tabTrip Schedule` ADD COLUMN `depart_time` time(6), ADD COLUMN `arrive_time` time(6), ADD COLUMN `name_of_bus` varchar(140), ADD COLUMN `bus_number` int NOT NULL DEFAULT 0
2024-10-07 21:24:14,492 WARNING database DDL Query made to DB:
ALTER TABLE `tabTrip Schedule` MODIFY `available_seats` int NOT NULL DEFAULT 0
2024-10-07 21:27:17,246 WARNING database DDL Query made to DB:
ALTER TABLE `tabTrip Schedule` MODIFY `available_seats` int NOT NULL DEFAULT 0, MODIFY `bus_number` int NOT NULL DEFAULT 0
2024-10-07 21:29:12,146 WARNING database DDL Query made to DB:
ALTER TABLE `tabTrip Schedule` MODIFY `available_seats` int NOT NULL DEFAULT 0, MODIFY `bus_number` varchar(140)
2024-10-07 21:31:49,475 WARNING database DDL Query made to DB:
ALTER TABLE `tabTrip Schedule` MODIFY `available_seats` int NOT NULL DEFAULT 0
2024-10-08 17:47:11,693 WARNING database DDL Query made to DB:
create table `tabTicket` (
			name varchar(140) primary key,
			creation datetime(6),
			modified datetime(6),
			modified_by varchar(140),
			owner varchar(140),
			docstatus tinyint not null default '0',
			idx int not null default '0',
			`_user_tags` text,
`_comments` text,
`_assign` text,
`_liked_by` text,
index creation(creation))
			ENGINE=InnoDB
			ROW_FORMAT=DYNAMIC
			CHARACTER SET=utf8mb4
			COLLATE=utf8mb4_unicode_ci
2024-10-08 17:49:59,229 WARNING database DDL Query made to DB:
ALTER TABLE `tabTicket` ADD COLUMN `trip_name` varchar(140), ADD COLUMN `trip_date` date, ADD COLUMN `origin` varchar(140), ADD COLUMN `destination` varchar(140), ADD COLUMN `available_seats` int NOT NULL DEFAULT 0, ADD COLUMN `depart_time` time(6), ADD COLUMN `arrive_time` time(6), ADD COLUMN `bus_name` varchar(140), ADD COLUMN `bus_number` int NOT NULL DEFAULT 0, ADD COLUMN `customer_name` varchar(140), ADD COLUMN `customer_email` varchar(140), ADD COLUMN `payment_method` varchar(140)
2024-10-08 17:50:48,425 WARNING database DDL Query made to DB:
ALTER TABLE `tabTicket` MODIFY `bus_number` int NOT NULL DEFAULT 0, MODIFY `available_seats` int NOT NULL DEFAULT 0
2024-10-08 17:53:55,179 WARNING database DDL Query made to DB:
ALTER TABLE `tabTicket` MODIFY `bus_number` int NOT NULL DEFAULT 0, MODIFY `available_seats` int NOT NULL DEFAULT 0
2024-10-08 17:56:45,119 WARNING database DDL Query made to DB:
create table `tabPayment Gateway` (
			name varchar(140) primary key,
			creation datetime(6),
			modified datetime(6),
			modified_by varchar(140),
			owner varchar(140),
			docstatus tinyint not null default '0',
			idx int not null default '0',
			`gateway` varchar(140) UNIQUE,
`gateway_settings` varchar(140),
`gateway_controller` varchar(140),
`_user_tags` text,
`_comments` text,
`_assign` text,
`_liked_by` text,
index creation(creation),
index modified(modified))
			ENGINE=InnoDB
			ROW_FORMAT=DYNAMIC
			CHARACTER SET=utf8mb4
			COLLATE=utf8mb4_unicode_ci
2024-10-08 17:56:45,404 WARNING database DDL Query made to DB:
create table `tabMpesa Settings` (
			name varchar(140) primary key,
			creation datetime(6),
			modified datetime(6),
			modified_by varchar(140),
			owner varchar(140),
			docstatus tinyint not null default '0',
			idx int not null default '0',
			`payment_gateway_name` varchar(140) UNIQUE,
`consumer_key` varchar(140),
`consumer_secret` text,
`initiator_name` varchar(140),
`till_number` varchar(140),
`transaction_limit` decimal(21,9) NOT NULL DEFAULT 150000.0,
`sandbox` tinyint NOT NULL DEFAULT 0,
`business_shortcode` varchar(140),
`online_passkey` text,
`security_credential` text,
`account_balance` longtext,
`_user_tags` text,
`_comments` text,
`_assign` text,
`_liked_by` text,
index creation(creation),
index modified(modified))
			ENGINE=InnoDB
			ROW_FORMAT=DYNAMIC
			CHARACTER SET=utf8mb4
			COLLATE=utf8mb4_unicode_ci
2024-10-08 17:56:45,633 WARNING database DDL Query made to DB:
create table `tabGoCardless Mandate` (
			name varchar(140) primary key,
			creation datetime(6),
			modified datetime(6),
			modified_by varchar(140),
			owner varchar(140),
			docstatus tinyint not null default '0',
			idx int not null default '0',
			`disabled` tinyint NOT NULL DEFAULT 0,
`mandate` varchar(140) UNIQUE,
`gocardless_customer` varchar(140),
`_user_tags` text,
`_comments` text,
`_assign` text,
`_liked_by` text,
index creation(creation),
index modified(modified))
			ENGINE=InnoDB
			ROW_FORMAT=DYNAMIC
			CHARACTER SET=utf8mb4
			COLLATE=utf8mb4_unicode_ci
2024-10-08 17:56:46,251 WARNING database DDL Query made to DB:
create table `tabStripe Settings` (
			name varchar(140) primary key,
			creation datetime(6),
			modified datetime(6),
			modified_by varchar(140),
			owner varchar(140),
			docstatus tinyint not null default '0',
			idx int not null default '0',
			`gateway_name` varchar(140),
`publishable_key` varchar(140),
`secret_key` text,
`header_img` text,
`redirect_url` varchar(140),
`_user_tags` text,
`_comments` text,
`_assign` text,
`_liked_by` text,
index creation(creation),
index modified(modified))
			ENGINE=InnoDB
			ROW_FORMAT=DYNAMIC
			CHARACTER SET=utf8mb4
			COLLATE=utf8mb4_unicode_ci
2024-10-08 17:56:46,488 WARNING database DDL Query made to DB:
create table `tabGoCardless Settings` (
			name varchar(140) primary key,
			creation datetime(6),
			modified datetime(6),
			modified_by varchar(140),
			owner varchar(140),
			docstatus tinyint not null default '0',
			idx int not null default '0',
			`gateway_name` varchar(140) UNIQUE,
`access_token` varchar(140),
`webhooks_secret` varchar(140),
`use_sandbox` tinyint NOT NULL DEFAULT 0,
`header_img` text,
`_user_tags` text,
`_comments` text,
`_assign` text,
`_liked_by` text,
index creation(creation),
index modified(modified))
			ENGINE=InnoDB
			ROW_FORMAT=DYNAMIC
			CHARACTER SET=utf8mb4
			COLLATE=utf8mb4_unicode_ci
2024-10-08 17:56:46,630 WARNING database DDL Query made to DB:
create table `tabBraintree Settings` (
			name varchar(140) primary key,
			creation datetime(6),
			modified datetime(6),
			modified_by varchar(140),
			owner varchar(140),
			docstatus tinyint not null default '0',
			idx int not null default '0',
			`gateway_name` varchar(140),
`merchant_id` varchar(140),
`public_key` varchar(140),
`private_key` text,
`use_sandbox` tinyint NOT NULL DEFAULT 0,
`header_img` text,
`_user_tags` text,
`_comments` text,
`_assign` text,
`_liked_by` text,
index creation(creation),
index modified(modified))
			ENGINE=InnoDB
			ROW_FORMAT=DYNAMIC
			CHARACTER SET=utf8mb4
			COLLATE=utf8mb4_unicode_ci
2024-10-08 17:56:48,724 WARNING database DDL Query made to DB:
ALTER TABLE `tabWeb Form` ADD COLUMN `currency` varchar(140), ADD COLUMN `amount_field` varchar(140), ADD COLUMN `payment_button_help` text, ADD COLUMN `amount_based_on_field` tinyint NOT NULL DEFAULT 0, ADD COLUMN `amount` decimal(21,9) NOT NULL DEFAULT 0.0, ADD COLUMN `payment_gateway` varchar(140), ADD COLUMN `payment_button_label` varchar(140) DEFAULT 'Buy Now', ADD COLUMN `accept_payment` tinyint NOT NULL DEFAULT 0
2024-10-08 17:56:48,742 WARNING database DDL Query made to DB:
ALTER TABLE `tabWeb Form` MODIFY `published` tinyint NOT NULL DEFAULT 0, MODIFY `hide_navbar` tinyint NOT NULL DEFAULT 0, MODIFY `login_required` tinyint NOT NULL DEFAULT 0, MODIFY `show_sidebar` tinyint NOT NULL DEFAULT 0, MODIFY `allow_multiple` tinyint NOT NULL DEFAULT 0, MODIFY `condition_json` json, MODIFY `hide_footer` tinyint NOT NULL DEFAULT 0, MODIFY `allow_delete` tinyint NOT NULL DEFAULT 0, MODIFY `apply_document_permissions` tinyint NOT NULL DEFAULT 0, MODIFY `show_list` tinyint NOT NULL DEFAULT 0, MODIFY `is_standard` tinyint NOT NULL DEFAULT 0, MODIFY `allow_print` tinyint NOT NULL DEFAULT 0, MODIFY `anonymous` tinyint NOT NULL DEFAULT 0, MODIFY `allow_incomplete` tinyint NOT NULL DEFAULT 0, MODIFY `allow_comments` tinyint NOT NULL DEFAULT 0, MODIFY `max_attachment_size` int NOT NULL DEFAULT 0, MODIFY `show_attachments` tinyint NOT NULL DEFAULT 0, MODIFY `allow_edit` tinyint NOT NULL DEFAULT 0
2024-10-08 17:56:48,884 WARNING database DDL Query made to DB:
ALTER TABLE `tabGoCardless Mandate` ADD COLUMN `customer` varchar(140)
2024-10-08 17:56:48,904 WARNING database DDL Query made to DB:
ALTER TABLE `tabGoCardless Mandate` MODIFY `disabled` tinyint NOT NULL DEFAULT 0
2024-10-08 18:02:10,593 WARNING database DDL Query made to DB:
ALTER TABLE `tabPOS Invoice` ADD COLUMN `mpesa_receipt_number` varchar(140)
2024-10-08 18:02:10,621 WARNING database DDL Query made to DB:
ALTER TABLE `tabPOS Invoice` MODIFY `change_amount` decimal(21,9) NOT NULL DEFAULT 0.0, MODIFY `total_qty` decimal(21,9) NOT NULL DEFAULT 0.0, MODIFY `write_off_amount` decimal(21,9) NOT NULL DEFAULT 0.0, MODIFY `is_pos` tinyint NOT NULL DEFAULT 1, MODIFY `base_total` decimal(21,9) NOT NULL DEFAULT 0.0, MODIFY `base_write_off_amount` decimal(21,9) NOT NULL DEFAULT 0.0, MODIFY `update_billed_amount_in_sales_order` tinyint NOT NULL DEFAULT 0, MODIFY `total` decimal(21,9) NOT NULL DEFAULT 0.0, MODIFY `write_off_outstanding_amount_automatically` tinyint NOT NULL DEFAULT 0, MODIFY `net_total` decimal(21,9) NOT NULL DEFAULT 0.0, MODIFY `update_billed_amount_in_delivery_note` tinyint NOT NULL DEFAULT 1, MODIFY `total_net_weight` decimal(21,9) NOT NULL DEFAULT 0.0, MODIFY `is_return` tinyint NOT NULL DEFAULT 0, MODIFY `conversion_rate` decimal(21,9) NOT NULL DEFAULT 0.0, MODIFY `group_same_items` tinyint NOT NULL DEFAULT 0, MODIFY `base_total_taxes_and_charges` decimal(21,9) NOT NULL DEFAULT 0.0, MODIFY `total_taxes_and_charges` decimal(21,9) NOT NULL DEFAULT 0.0, MODIFY `set_posting_time` tinyint NOT NULL DEFAULT 0, MODIFY `loyalty_points` int NOT NULL DEFAULT 0, MODIFY `base_net_total` decimal(21,9) NOT NULL DEFAULT 0.0, MODIFY `loyalty_amount` decimal(21,9) NOT NULL DEFAULT 0.0, MODIFY `redeem_loyalty_points` tinyint NOT NULL DEFAULT 0, MODIFY `amount_eligible_for_commission` decimal(21,9) NOT NULL DEFAULT 0.0, MODIFY `base_discount_amount` decimal(21,9) NOT NULL DEFAULT 0.0, MODIFY `commission_rate` decimal(21,9) NOT NULL DEFAULT 0.0, MODIFY `additional_discount_percentage` decimal(21,9) NOT NULL DEFAULT 0.0, MODIFY `discount_amount` decimal(21,9) NOT NULL DEFAULT 0.0, MODIFY `base_grand_total` decimal(21,9) NOT NULL DEFAULT 0.0, MODIFY `base_rounding_adjustment` decimal(21,9) NOT NULL DEFAULT 0.0, MODIFY `base_rounded_total` decimal(21,9) NOT NULL DEFAULT 0.0, MODIFY `is_discounted` tinyint NOT NULL DEFAULT 0, MODIFY `rounding_adjustment` decimal(21,9) NOT NULL DEFAULT 0.0, MODIFY `grand_total` decimal(21,9) NOT NULL DEFAULT 0.0, MODIFY `rounded_total` decimal(21,9) NOT NULL DEFAULT 0.0, MODIFY `total_commission` decimal(21,9) NOT NULL DEFAULT 0.0, MODIFY `total_advance` decimal(21,9) NOT NULL DEFAULT 0.0, MODIFY `outstanding_amount` decimal(21,9) NOT NULL DEFAULT 0.0, MODIFY `allocate_advances_automatically` tinyint NOT NULL DEFAULT 0, MODIFY `plc_conversion_rate` decimal(21,9) NOT NULL DEFAULT 0.0, MODIFY `ignore_pricing_rule` tinyint NOT NULL DEFAULT 0, MODIFY `base_paid_amount` decimal(21,9) NOT NULL DEFAULT 0.0, MODIFY `update_stock` tinyint NOT NULL DEFAULT 0, MODIFY `paid_amount` decimal(21,9) NOT NULL DEFAULT 0.0, MODIFY `base_change_amount` decimal(21,9) NOT NULL DEFAULT 0.0, MODIFY `total_billing_amount` decimal(21,9) NOT NULL DEFAULT 0.0
2024-10-08 18:07:57,147 WARNING database DDL Query made to DB:
ALTER TABLE `tabTrip Schedule` ADD COLUMN `price` decimal(21,9) NOT NULL DEFAULT 0.0
2024-10-08 18:07:57,165 WARNING database DDL Query made to DB:
ALTER TABLE `tabTrip Schedule` MODIFY `available_seats` int NOT NULL DEFAULT 0
2024-10-08 18:46:53,520 WARNING database DDL Query made to DB:
ALTER TABLE `tabTicket` ADD COLUMN `price` decimal(21,9) NOT NULL DEFAULT 0.0
2024-10-08 18:46:53,544 WARNING database DDL Query made to DB:
ALTER TABLE `tabTicket` MODIFY `bus_number` int NOT NULL DEFAULT 0, MODIFY `available_seats` int NOT NULL DEFAULT 0
2024-10-08 19:48:00,342 WARNING database DDL Query made to DB:
ALTER TABLE `tabPayment Request` MODIFY `outstanding_amount` decimal(21,9) NOT NULL DEFAULT 0.0, MODIFY `make_sales_invoice` tinyint NOT NULL DEFAULT 0, MODIFY `mute_email` tinyint NOT NULL DEFAULT 0, MODIFY `is_a_subscription` tinyint NOT NULL DEFAULT 0, MODIFY `grand_total` decimal(21,9) NOT NULL DEFAULT 0.0
2024-10-09 09:22:12,968 WARNING database DDL Query made to DB:
ALTER TABLE `tabTicket` MODIFY `price` decimal(21,9) NOT NULL DEFAULT 0.0, MODIFY `available_seats` int NOT NULL DEFAULT 0, MODIFY `bus_number` int NOT NULL DEFAULT 0
2024-10-09 12:02:12,580 WARNING database DDL Query made to DB:
alter table `tabDocType` add column if not exists migration_hash varchar(140)
2024-10-09 12:02:14,391 WARNING database DDL Query made to DB:
ALTER TABLE `tabPayment Request` MODIFY `make_sales_invoice` tinyint NOT NULL DEFAULT 0, MODIFY `grand_total` decimal(21,9) NOT NULL DEFAULT 0.0, MODIFY `mute_email` tinyint NOT NULL DEFAULT 0, MODIFY `outstanding_amount` decimal(21,9) NOT NULL DEFAULT 0.0, MODIFY `is_a_subscription` tinyint NOT NULL DEFAULT 0
2024-10-09 12:02:17,678 WARNING database DDL Query made to DB:
ALTER TABLE `tabAddress` MODIFY `is_primary_address` tinyint NOT NULL DEFAULT 0, MODIFY `disabled` tinyint NOT NULL DEFAULT 0, MODIFY `is_shipping_address` tinyint NOT NULL DEFAULT 0, MODIFY `is_your_company_address` tinyint NOT NULL DEFAULT 0
2024-10-09 12:02:17,761 WARNING database DDL Query made to DB:
ALTER TABLE `tabContact` MODIFY `unsubscribed` tinyint NOT NULL DEFAULT 0, MODIFY `is_primary_contact` tinyint NOT NULL DEFAULT 0, MODIFY `pulled_from_google_contacts` tinyint NOT NULL DEFAULT 0, MODIFY `is_billing_contact` tinyint NOT NULL DEFAULT 0, MODIFY `sync_with_google_contacts` tinyint NOT NULL DEFAULT 0
2024-10-09 12:10:37,423 WARNING database DDL Query made to DB:
alter table `tabDocType` add column if not exists migration_hash varchar(140)
2024-10-09 12:10:42,742 WARNING database DDL Query made to DB:
ALTER TABLE `tabAddress` MODIFY `disabled` tinyint NOT NULL DEFAULT 0, MODIFY `is_shipping_address` tinyint NOT NULL DEFAULT 0, MODIFY `is_primary_address` tinyint NOT NULL DEFAULT 0, MODIFY `is_your_company_address` tinyint NOT NULL DEFAULT 0
2024-10-09 12:10:42,830 WARNING database DDL Query made to DB:
ALTER TABLE `tabContact` MODIFY `is_billing_contact` tinyint NOT NULL DEFAULT 0, MODIFY `sync_with_google_contacts` tinyint NOT NULL DEFAULT 0, MODIFY `unsubscribed` tinyint NOT NULL DEFAULT 0, MODIFY `is_primary_contact` tinyint NOT NULL DEFAULT 0, MODIFY `pulled_from_google_contacts` tinyint NOT NULL DEFAULT 0
2024-10-09 12:21:28,800 WARNING database DDL Query made to DB:
alter table `tabDocType` add column if not exists migration_hash varchar(140)
2024-10-09 12:21:34,662 WARNING database DDL Query made to DB:
ALTER TABLE `tabAddress` MODIFY `is_your_company_address` tinyint NOT NULL DEFAULT 0, MODIFY `is_shipping_address` tinyint NOT NULL DEFAULT 0, MODIFY `is_primary_address` tinyint NOT NULL DEFAULT 0, MODIFY `disabled` tinyint NOT NULL DEFAULT 0
2024-10-09 12:21:34,745 WARNING database DDL Query made to DB:
ALTER TABLE `tabContact` MODIFY `unsubscribed` tinyint NOT NULL DEFAULT 0, MODIFY `pulled_from_google_contacts` tinyint NOT NULL DEFAULT 0, MODIFY `sync_with_google_contacts` tinyint NOT NULL DEFAULT 0, MODIFY `is_billing_contact` tinyint NOT NULL DEFAULT 0, MODIFY `is_primary_contact` tinyint NOT NULL DEFAULT 0
2024-10-09 13:20:26,720 WARNING database DDL Query made to DB:
ALTER TABLE `tabTicket` ADD COLUMN `phone_number` varchar(140)
2024-10-09 13:20:26,742 WARNING database DDL Query made to DB:
ALTER TABLE `tabTicket` MODIFY `available_seats` int NOT NULL DEFAULT 0, MODIFY `price` decimal(21,9) NOT NULL DEFAULT 0.0, MODIFY `bus_number` int NOT NULL DEFAULT 0
2024-10-09 13:24:34,258 WARNING database DDL Query made to DB:
ALTER TABLE `tabTicket` MODIFY `price` decimal(21,9) NOT NULL DEFAULT 0.0, MODIFY `bus_number` int NOT NULL DEFAULT 0, MODIFY `available_seats` int NOT NULL DEFAULT 0
2024-10-09 13:45:01,077 WARNING database DDL Query made to DB:
ALTER TABLE `tabBooking` ADD COLUMN `phone_numer` varchar(140)
2024-10-09 13:45:01,105 WARNING database DDL Query made to DB:
ALTER TABLE `tabBooking` MODIFY `seat_number` int NOT NULL DEFAULT 0
2024-10-10 08:20:54,013 WARNING database DDL Query made to DB:
ALTER TABLE `tabTicket` ADD COLUMN `status` varchar(140)
2024-10-10 08:20:54,041 WARNING database DDL Query made to DB:
ALTER TABLE `tabTicket` MODIFY `bus_number` int NOT NULL DEFAULT 0, MODIFY `price` decimal(21,9) NOT NULL DEFAULT 0.0, MODIFY `available_seats` int NOT NULL DEFAULT 0
2024-10-10 08:34:10,070 WARNING database DDL Query made to DB:
alter table `tabDocType` add column if not exists migration_hash varchar(140)
2024-10-10 08:34:14,041 WARNING database DDL Query made to DB:
ALTER TABLE `tabAddress` MODIFY `is_primary_address` tinyint NOT NULL DEFAULT 0, MODIFY `is_your_company_address` tinyint NOT NULL DEFAULT 0, MODIFY `disabled` tinyint NOT NULL DEFAULT 0, MODIFY `is_shipping_address` tinyint NOT NULL DEFAULT 0
2024-10-10 08:34:14,112 WARNING database DDL Query made to DB:
ALTER TABLE `tabContact` MODIFY `sync_with_google_contacts` tinyint NOT NULL DEFAULT 0, MODIFY `is_billing_contact` tinyint NOT NULL DEFAULT 0, MODIFY `is_primary_contact` tinyint NOT NULL DEFAULT 0, MODIFY `pulled_from_google_contacts` tinyint NOT NULL DEFAULT 0, MODIFY `unsubscribed` tinyint NOT NULL DEFAULT 0
2024-10-10 16:22:14,135 WARNING database DDL Query made to DB:
alter table `tabDocType` add column if not exists migration_hash varchar(140)
2024-10-10 16:22:19,796 WARNING database DDL Query made to DB:
ALTER TABLE `tabAddress` MODIFY `is_primary_address` tinyint NOT NULL DEFAULT 0, MODIFY `is_shipping_address` tinyint NOT NULL DEFAULT 0, MODIFY `is_your_company_address` tinyint NOT NULL DEFAULT 0, MODIFY `disabled` tinyint NOT NULL DEFAULT 0
2024-10-10 16:22:19,879 WARNING database DDL Query made to DB:
ALTER TABLE `tabContact` MODIFY `sync_with_google_contacts` tinyint NOT NULL DEFAULT 0, MODIFY `is_primary_contact` tinyint NOT NULL DEFAULT 0, MODIFY `unsubscribed` tinyint NOT NULL DEFAULT 0, MODIFY `is_billing_contact` tinyint NOT NULL DEFAULT 0, MODIFY `pulled_from_google_contacts` tinyint NOT NULL DEFAULT 0
2024-10-15 11:40:18,124 WARNING database DDL Query made to DB:
alter table `tabDocType` add column if not exists migration_hash varchar(140)
2024-10-15 11:40:22,511 WARNING database DDL Query made to DB:
ALTER TABLE `tabAddress` MODIFY `is_shipping_address` tinyint NOT NULL DEFAULT 0, MODIFY `is_primary_address` tinyint NOT NULL DEFAULT 0, MODIFY `disabled` tinyint NOT NULL DEFAULT 0, MODIFY `is_your_company_address` tinyint NOT NULL DEFAULT 0
2024-10-15 11:40:22,582 WARNING database DDL Query made to DB:
ALTER TABLE `tabContact` MODIFY `is_billing_contact` tinyint NOT NULL DEFAULT 0, MODIFY `sync_with_google_contacts` tinyint NOT NULL DEFAULT 0, MODIFY `unsubscribed` tinyint NOT NULL DEFAULT 0, MODIFY `pulled_from_google_contacts` tinyint NOT NULL DEFAULT 0, MODIFY `is_primary_contact` tinyint NOT NULL DEFAULT 0
2024-10-16 05:20:09,897 WARNING database DDL Query made to DB:
alter table `tabDocType` add column if not exists migration_hash varchar(140)
2024-10-16 05:20:15,432 WARNING database DDL Query made to DB:
ALTER TABLE `tabAddress` MODIFY `is_shipping_address` tinyint NOT NULL DEFAULT 0, MODIFY `is_your_company_address` tinyint NOT NULL DEFAULT 0, MODIFY `is_primary_address` tinyint NOT NULL DEFAULT 0, MODIFY `disabled` tinyint NOT NULL DEFAULT 0
2024-10-16 05:20:15,516 WARNING database DDL Query made to DB:
ALTER TABLE `tabContact` MODIFY `sync_with_google_contacts` tinyint NOT NULL DEFAULT 0, MODIFY `unsubscribed` tinyint NOT NULL DEFAULT 0, MODIFY `pulled_from_google_contacts` tinyint NOT NULL DEFAULT 0, MODIFY `is_primary_contact` tinyint NOT NULL DEFAULT 0, MODIFY `is_billing_contact` tinyint NOT NULL DEFAULT 0
2024-10-16 08:28:30,237 WARNING database DDL Query made to DB:
create table `tabLogin` (
			name varchar(140) primary key,
			creation datetime(6),
			modified datetime(6),
			modified_by varchar(140),
			owner varchar(140),
			docstatus tinyint not null default '0',
			idx int not null default '0',
			`_user_tags` text,
`_comments` text,
`_assign` text,
`_liked_by` text,
index creation(creation))
			ENGINE=InnoDB
			ROW_FORMAT=DYNAMIC
			CHARACTER SET=utf8mb4
			COLLATE=utf8mb4_unicode_ci
2024-10-16 08:29:09,436 WARNING database DDL Query made to DB:
ALTER TABLE `tabLogin` ADD COLUMN `username` varchar(140), ADD COLUMN `password` text
2024-10-16 09:55:08,169 WARNING database DDL Query made to DB:
DROP TABLE IF EXISTS `tabTicket`
2024-10-16 09:55:08,219 WARNING database DDL Query made to DB:
DROP TABLE IF EXISTS `tabBooking`
2024-10-16 09:55:08,264 WARNING database DDL Query made to DB:
DROP TABLE IF EXISTS `tabLogin`
2024-10-16 09:55:08,308 WARNING database DDL Query made to DB:
DROP TABLE IF EXISTS `tabCustomer Information DocType`
2024-10-16 09:55:08,360 WARNING database DDL Query made to DB:
DROP TABLE IF EXISTS `tabTrip Schedule`
2024-10-16 10:05:31,426 WARNING database DDL Query made to DB:
alter table `tabDocType` add column if not exists migration_hash varchar(140)
2024-10-16 10:05:36,803 WARNING database DDL Query made to DB:
ALTER TABLE `tabAddress` MODIFY `is_primary_address` tinyint NOT NULL DEFAULT 0, MODIFY `disabled` tinyint NOT NULL DEFAULT 0, MODIFY `is_your_company_address` tinyint NOT NULL DEFAULT 0, MODIFY `is_shipping_address` tinyint NOT NULL DEFAULT 0
2024-10-16 10:05:36,888 WARNING database DDL Query made to DB:
ALTER TABLE `tabContact` MODIFY `is_billing_contact` tinyint NOT NULL DEFAULT 0, MODIFY `unsubscribed` tinyint NOT NULL DEFAULT 0, MODIFY `is_primary_contact` tinyint NOT NULL DEFAULT 0, MODIFY `pulled_from_google_contacts` tinyint NOT NULL DEFAULT 0, MODIFY `sync_with_google_contacts` tinyint NOT NULL DEFAULT 0
2024-10-16 10:09:11,203 WARNING database DDL Query made to DB:
create table `tabLogin` (
			name varchar(140) primary key,
			creation datetime(6),
			modified datetime(6),
			modified_by varchar(140),
			owner varchar(140),
			docstatus tinyint not null default '0',
			idx int not null default '0',
			`username` varchar(140),
`password` text,
`_user_tags` text,
`_comments` text,
`_assign` text,
`_liked_by` text,
index creation(creation))
			ENGINE=InnoDB
			ROW_FORMAT=DYNAMIC
			CHARACTER SET=utf8mb4
			COLLATE=utf8mb4_unicode_ci
2024-10-16 10:13:21,364 WARNING database DDL Query made to DB:
alter table `tabDocType` add column if not exists migration_hash varchar(140)
2024-10-16 10:13:29,481 WARNING database DDL Query made to DB:
ALTER TABLE `tabAddress` MODIFY `is_shipping_address` tinyint NOT NULL DEFAULT 0, MODIFY `is_primary_address` tinyint NOT NULL DEFAULT 0, MODIFY `disabled` tinyint NOT NULL DEFAULT 0, MODIFY `is_your_company_address` tinyint NOT NULL DEFAULT 0
2024-10-16 10:13:29,641 WARNING database DDL Query made to DB:
ALTER TABLE `tabContact` MODIFY `is_primary_contact` tinyint NOT NULL DEFAULT 0, MODIFY `pulled_from_google_contacts` tinyint NOT NULL DEFAULT 0, MODIFY `is_billing_contact` tinyint NOT NULL DEFAULT 0, MODIFY `sync_with_google_contacts` tinyint NOT NULL DEFAULT 0, MODIFY `unsubscribed` tinyint NOT NULL DEFAULT 0
2024-10-16 10:21:53,972 WARNING database DDL Query made to DB:
alter table `tabDocType` add column if not exists migration_hash varchar(140)
2024-10-16 10:22:04,619 WARNING database DDL Query made to DB:
ALTER TABLE `tabAddress` MODIFY `is_your_company_address` tinyint NOT NULL DEFAULT 0, MODIFY `is_shipping_address` tinyint NOT NULL DEFAULT 0, MODIFY `disabled` tinyint NOT NULL DEFAULT 0, MODIFY `is_primary_address` tinyint NOT NULL DEFAULT 0
2024-10-16 10:22:04,749 WARNING database DDL Query made to DB:
ALTER TABLE `tabContact` MODIFY `unsubscribed` tinyint NOT NULL DEFAULT 0, MODIFY `is_billing_contact` tinyint NOT NULL DEFAULT 0, MODIFY `is_primary_contact` tinyint NOT NULL DEFAULT 0, MODIFY `pulled_from_google_contacts` tinyint NOT NULL DEFAULT 0, MODIFY `sync_with_google_contacts` tinyint NOT NULL DEFAULT 0
2024-10-16 10:25:35,019 WARNING database DDL Query made to DB:
alter table `tabDocType` add column if not exists migration_hash varchar(140)
2024-10-16 10:25:43,408 WARNING database DDL Query made to DB:
ALTER TABLE `tabAddress` MODIFY `is_your_company_address` tinyint NOT NULL DEFAULT 0, MODIFY `is_shipping_address` tinyint NOT NULL DEFAULT 0, MODIFY `is_primary_address` tinyint NOT NULL DEFAULT 0, MODIFY `disabled` tinyint NOT NULL DEFAULT 0
2024-10-16 10:25:43,538 WARNING database DDL Query made to DB:
ALTER TABLE `tabContact` MODIFY `is_primary_contact` tinyint NOT NULL DEFAULT 0, MODIFY `pulled_from_google_contacts` tinyint NOT NULL DEFAULT 0, MODIFY `sync_with_google_contacts` tinyint NOT NULL DEFAULT 0, MODIFY `unsubscribed` tinyint NOT NULL DEFAULT 0, MODIFY `is_billing_contact` tinyint NOT NULL DEFAULT 0
2024-10-16 10:35:48,264 WARNING database DDL Query made to DB:
alter table `tabDocType` add column if not exists migration_hash varchar(140)
2024-10-16 10:35:58,917 WARNING database DDL Query made to DB:
ALTER TABLE `tabAddress` MODIFY `is_shipping_address` tinyint NOT NULL DEFAULT 0, MODIFY `is_your_company_address` tinyint NOT NULL DEFAULT 0, MODIFY `disabled` tinyint NOT NULL DEFAULT 0, MODIFY `is_primary_address` tinyint NOT NULL DEFAULT 0
2024-10-16 10:35:59,113 WARNING database DDL Query made to DB:
ALTER TABLE `tabContact` MODIFY `is_primary_contact` tinyint NOT NULL DEFAULT 0, MODIFY `pulled_from_google_contacts` tinyint NOT NULL DEFAULT 0, MODIFY `is_billing_contact` tinyint NOT NULL DEFAULT 0, MODIFY `unsubscribed` tinyint NOT NULL DEFAULT 0, MODIFY `sync_with_google_contacts` tinyint NOT NULL DEFAULT 0
2024-10-16 19:04:05,341 WARNING database DDL Query made to DB:
alter table `tabDocType` add column if not exists migration_hash varchar(140)
2024-10-16 19:04:08,942 WARNING database DDL Query made to DB:
ALTER TABLE `tabAddress` MODIFY `is_shipping_address` tinyint NOT NULL DEFAULT 0, MODIFY `disabled` tinyint NOT NULL DEFAULT 0, MODIFY `is_primary_address` tinyint NOT NULL DEFAULT 0, MODIFY `is_your_company_address` tinyint NOT NULL DEFAULT 0
2024-10-16 19:04:09,008 WARNING database DDL Query made to DB:
ALTER TABLE `tabContact` MODIFY `sync_with_google_contacts` tinyint NOT NULL DEFAULT 0, MODIFY `is_primary_contact` tinyint NOT NULL DEFAULT 0, MODIFY `is_billing_contact` tinyint NOT NULL DEFAULT 0, MODIFY `pulled_from_google_contacts` tinyint NOT NULL DEFAULT 0, MODIFY `unsubscribed` tinyint NOT NULL DEFAULT 0
2024-10-17 17:01:30,079 WARNING database DDL Query made to DB:
create table `tabTicket` (
			name varchar(140) primary key,
			creation datetime(6),
			modified datetime(6),
			modified_by varchar(140),
			owner varchar(140),
			docstatus tinyint not null default '0',
			idx int not null default '0',
			`_user_tags` text,
`_comments` text,
`_assign` text,
`_liked_by` text,
index creation(creation))
			ENGINE=InnoDB
			ROW_FORMAT=DYNAMIC
			CHARACTER SET=utf8mb4
			COLLATE=utf8mb4_unicode_ci
2024-10-17 17:09:51,786 WARNING database DDL Query made to DB:
create table `tabTrip Schedule` (
			name varchar(140) primary key,
			creation datetime(6),
			modified datetime(6),
			modified_by varchar(140),
			owner varchar(140),
			docstatus tinyint not null default '0',
			idx int not null default '0',
			`_user_tags` text,
`_comments` text,
`_assign` text,
`_liked_by` text,
index creation(creation))
			ENGINE=InnoDB
			ROW_FORMAT=DYNAMIC
			CHARACTER SET=utf8mb4
			COLLATE=utf8mb4_unicode_ci
2024-10-17 17:11:03,918 WARNING database DDL Query made to DB:
create table `tabTrip Sched` (
			name varchar(140) primary key,
			creation datetime(6),
			modified datetime(6),
			modified_by varchar(140),
			owner varchar(140),
			docstatus tinyint not null default '0',
			idx int not null default '0',
			`_user_tags` text,
`_comments` text,
`_assign` text,
`_liked_by` text,
index creation(creation))
			ENGINE=InnoDB
			ROW_FORMAT=DYNAMIC
			CHARACTER SET=utf8mb4
			COLLATE=utf8mb4_unicode_ci
2024-10-17 17:12:55,616 WARNING database DDL Query made to DB:
ALTER TABLE `tabTrip Sched` ADD COLUMN `trip_date` date, ADD COLUMN `origin` varchar(140), ADD COLUMN `destination` varchar(140), ADD COLUMN `available_seats` int NOT NULL DEFAULT 0, ADD COLUMN `depart_time` time(6), ADD COLUMN `arrive_time` time(6), ADD COLUMN `name_of_bus` varchar(140), ADD COLUMN `bus_number` varchar(140), ADD COLUMN `price` decimal(21,9) NOT NULL DEFAULT 0.0
2024-10-17 17:29:12,976 WARNING database DDL Query made to DB:
ALTER TABLE `tabTicket` ADD COLUMN `trip_nmae` varchar(140), ADD COLUMN `trip_date` date, ADD COLUMN `origin` varchar(140), ADD COLUMN `destination` varchar(140), ADD COLUMN `available_seats` int NOT NULL DEFAULT 0, ADD COLUMN `depart_time` time(6), ADD COLUMN `arrive_time` longtext, ADD COLUMN `bus_name` varchar(140), ADD COLUMN `bus_number` int NOT NULL DEFAULT 0, ADD COLUMN `customer_name` varchar(140), ADD COLUMN `customer_email` varchar(140), ADD COLUMN `phone_number` varchar(140), ADD COLUMN `price` decimal(21,9) NOT NULL DEFAULT 0.0, ADD COLUMN `status` varchar(140)
2024-10-17 17:30:54,864 WARNING database DDL Query made to DB:
ALTER TABLE `tabTicket` MODIFY `available_seats` int NOT NULL DEFAULT 0, MODIFY `bus_number` int NOT NULL DEFAULT 0, MODIFY `price` decimal(21,9) NOT NULL DEFAULT 0.0
2024-10-17 17:33:54,745 WARNING database DDL Query made to DB:
ALTER TABLE `tabTicket` MODIFY `available_seats` int NOT NULL DEFAULT 0, MODIFY `price` decimal(21,9) NOT NULL DEFAULT 0.0, MODIFY `bus_number` int NOT NULL DEFAULT 0, MODIFY `arrive_time` time(6)
2024-10-17 17:34:03,599 WARNING database DDL Query made to DB:
ALTER TABLE `tabTicket` MODIFY `price` decimal(21,9) NOT NULL DEFAULT 0.0, MODIFY `available_seats` int NOT NULL DEFAULT 0, MODIFY `bus_number` int NOT NULL DEFAULT 0
2024-10-18 05:28:18,718 WARNING database DDL Query made to DB:
ALTER TABLE `tabTicket` MODIFY `price` decimal(21,9) NOT NULL DEFAULT 0.0, MODIFY `available_seats` int NOT NULL DEFAULT 0, MODIFY `bus_number` int NOT NULL DEFAULT 0
2024-10-18 05:56:00,423 WARNING database DDL Query made to DB:
create table `tabCustomerDemo` (
			name varchar(140) primary key,
			creation datetime(6),
			modified datetime(6),
			modified_by varchar(140),
			owner varchar(140),
			docstatus tinyint not null default '0',
			idx int not null default '0',
			`_user_tags` text,
`_comments` text,
`_assign` text,
`_liked_by` text,
index creation(creation))
			ENGINE=InnoDB
			ROW_FORMAT=DYNAMIC
			CHARACTER SET=utf8mb4
			COLLATE=utf8mb4_unicode_ci
2024-10-18 05:59:57,044 WARNING database DDL Query made to DB:
ALTER TABLE `tabCustomerDemo` ADD COLUMN `name1` varchar(140), ADD COLUMN `email` varchar(140), ADD COLUMN `phone_number` varchar(140)
2024-10-18 06:00:29,623 WARNING database DDL Query made to DB:
create table `tabPayment Record` (
			name varchar(140) primary key,
			creation datetime(6),
			modified datetime(6),
			modified_by varchar(140),
			owner varchar(140),
			docstatus tinyint not null default '0',
			idx int not null default '0',
			`_user_tags` text,
`_comments` text,
`_assign` text,
`_liked_by` text,
index creation(creation))
			ENGINE=InnoDB
			ROW_FORMAT=DYNAMIC
			CHARACTER SET=utf8mb4
			COLLATE=utf8mb4_unicode_ci
2024-10-18 06:06:16,550 WARNING database DDL Query made to DB:
ALTER TABLE `tabPayment Record` ADD COLUMN `merchant_request_id` varchar(140), ADD COLUMN `checkout_request_id` varchar(140), ADD COLUMN `result_code` varchar(140), ADD COLUMN `result_desc` varchar(140), ADD COLUMN `amount` varchar(140), ADD COLUMN `mpesa_receipt_number` varchar(140), ADD COLUMN `transaction_date` varchar(140), ADD COLUMN `phone_number` varchar(140), ADD COLUMN `status` varchar(140), ADD COLUMN `customer` varchar(140), ADD COLUMN `ticket_invoice` varchar(140)
2024-10-18 11:24:48,871 WARNING database DDL Query made to DB:
ALTER TABLE `tabPayment Record` ADD COLUMN `mpesa_receipt` varchar(140), ADD COLUMN `description` varchar(140)
2024-10-18 11:28:56,719 WARNING database DDL Query made to DB:
alter table `tabDocType` add column if not exists migration_hash varchar(140)
2024-10-18 11:28:59,802 WARNING database DDL Query made to DB:
ALTER TABLE `tabTrip Sched` MODIFY `available_seats` int NOT NULL DEFAULT 0, MODIFY `price` decimal(21,9) NOT NULL DEFAULT 0.0
2024-10-18 11:29:00,034 WARNING database DDL Query made to DB:
ALTER TABLE `tabPayment Record` MODIFY `amount` varchar(140), MODIFY `transaction_date` varchar(140)
2024-10-18 11:29:00,171 WARNING database DDL Query made to DB:
ALTER TABLE `tabTicket` MODIFY `available_seats` int NOT NULL DEFAULT 0, MODIFY `bus_number` int NOT NULL DEFAULT 0, MODIFY `price` decimal(21,9) NOT NULL DEFAULT 0.0
2024-10-18 11:29:01,529 WARNING database DDL Query made to DB:
ALTER TABLE `tabAddress` MODIFY `is_shipping_address` tinyint NOT NULL DEFAULT 0, MODIFY `disabled` tinyint NOT NULL DEFAULT 0, MODIFY `is_primary_address` tinyint NOT NULL DEFAULT 0, MODIFY `is_your_company_address` tinyint NOT NULL DEFAULT 0
2024-10-18 11:29:01,603 WARNING database DDL Query made to DB:
ALTER TABLE `tabContact` MODIFY `unsubscribed` tinyint NOT NULL DEFAULT 0, MODIFY `sync_with_google_contacts` tinyint NOT NULL DEFAULT 0, MODIFY `pulled_from_google_contacts` tinyint NOT NULL DEFAULT 0, MODIFY `is_primary_contact` tinyint NOT NULL DEFAULT 0, MODIFY `is_billing_contact` tinyint NOT NULL DEFAULT 0
2024-10-18 11:40:15,941 WARNING database DDL Query made to DB:
create table `tabPayment Record` (
			name varchar(140) primary key,
			creation datetime(6),
			modified datetime(6),
			modified_by varchar(140),
			owner varchar(140),
			docstatus tinyint not null default '0',
			idx int not null default '0',
			`_user_tags` text,
`_comments` text,
`_assign` text,
`_liked_by` text,
index creation(creation))
			ENGINE=InnoDB
			ROW_FORMAT=DYNAMIC
			CHARACTER SET=utf8mb4
			COLLATE=utf8mb4_unicode_ci
2024-10-18 11:43:16,688 WARNING database DDL Query made to DB:
ALTER TABLE `tabPayment Record` ADD COLUMN `customer` varchar(140), ADD COLUMN `mpesa_receipt` varchar(140), ADD COLUMN `amount` int NOT NULL DEFAULT 0, ADD COLUMN `phone_number` varchar(140), ADD COLUMN `transaction_date` varchar(140), ADD COLUMN `description` varchar(140)
2024-10-18 11:43:39,176 WARNING database DDL Query made to DB:
ALTER TABLE `tabPayment Record` MODIFY `amount` int NOT NULL DEFAULT 0
2024-10-18 12:06:33,703 WARNING database DDL Query made to DB:
create sequence if not exists ticket_id_seq nocache nocycle
2024-10-18 12:06:33,729 WARNING database DDL Query made to DB:
ALTER TABLE `tabTicket` MODIFY `name` bigint
2024-10-18 12:06:33,762 WARNING database DDL Query made to DB:
ALTER TABLE `tabTicket` MODIFY `bus_number` int NOT NULL DEFAULT 0, MODIFY `price` decimal(21,9) NOT NULL DEFAULT 0.0, MODIFY `available_seats` int NOT NULL DEFAULT 0
2024-10-18 12:06:58,611 WARNING database DDL Query made to DB:
ALTER TABLE `tabTicket` MODIFY `available_seats` int NOT NULL DEFAULT 0, MODIFY `bus_number` int NOT NULL DEFAULT 0, MODIFY `price` decimal(21,9) NOT NULL DEFAULT 0.0
2024-10-18 12:07:16,299 WARNING database DDL Query made to DB:
ALTER TABLE `tabTicket` ADD COLUMN `trip_name` varchar(140)
2024-10-18 12:07:16,315 WARNING database DDL Query made to DB:
ALTER TABLE `tabTicket` MODIFY `price` decimal(21,9) NOT NULL DEFAULT 0.0, MODIFY `available_seats` int NOT NULL DEFAULT 0, MODIFY `bus_number` int NOT NULL DEFAULT 0
2024-10-18 12:39:06,411 WARNING database DDL Query made to DB:
ALTER TABLE `tabTicket` ADD COLUMN `mpesa_receipt` varchar(140)
2024-10-18 12:39:06,425 WARNING database DDL Query made to DB:
ALTER TABLE `tabTicket` MODIFY `bus_number` int NOT NULL DEFAULT 0, MODIFY `price` decimal(21,9) NOT NULL DEFAULT 0.0, MODIFY `available_seats` int NOT NULL DEFAULT 0
2024-10-18 12:46:23,535 WARNING database DDL Query made to DB:
ALTER TABLE `tabPayment Record` ADD COLUMN `ticket_invoice` varchar(140)
2024-10-18 12:46:23,551 WARNING database DDL Query made to DB:
ALTER TABLE `tabPayment Record` MODIFY `amount` int NOT NULL DEFAULT 0
2024-10-18 13:11:05,557 WARNING database DDL Query made to DB:
ALTER TABLE `tabTicket` MODIFY `available_seats` int NOT NULL DEFAULT 0, MODIFY `bus_number` int NOT NULL DEFAULT 0, MODIFY `price` decimal(21,9) NOT NULL DEFAULT 0.0
2024-10-18 22:40:27,209 WARNING database DDL Query made to DB:
ALTER TABLE `tabTicket` ADD COLUMN `merchantrequestid` varchar(140)
2024-10-18 22:40:27,226 WARNING database DDL Query made to DB:
ALTER TABLE `tabTicket` MODIFY `bus_number` int NOT NULL DEFAULT 0, MODIFY `available_seats` int NOT NULL DEFAULT 0, MODIFY `price` decimal(21,9) NOT NULL DEFAULT 0.0
2024-10-19 07:34:45,754 WARNING database DDL Query made to DB:
ALTER TABLE `tabPayment Record` ADD COLUMN `time` time(6)
2024-10-19 07:34:45,773 WARNING database DDL Query made to DB:
ALTER TABLE `tabPayment Record` MODIFY `amount` int NOT NULL DEFAULT 0
2024-10-19 07:40:21,175 WARNING database DDL Query made to DB:
ALTER TABLE `tabPayment Record` MODIFY `amount` int NOT NULL DEFAULT 0
2024-10-19 07:41:04,862 WARNING database DDL Query made to DB:
ALTER TABLE `tabPayment Record` MODIFY `time` varchar(140), MODIFY `amount` int NOT NULL DEFAULT 0
2024-10-19 09:50:19,347 WARNING database DDL Query made to DB:
ALTER TABLE `tabTicket` MODIFY `name` varchar(140)
2024-10-19 09:50:19,388 WARNING database DDL Query made to DB:
ALTER TABLE `tabTicket` ADD COLUMN `time` varchar(140), ADD COLUMN `ticket_no` varchar(140)
2024-10-19 09:50:19,409 WARNING database DDL Query made to DB:
ALTER TABLE `tabTicket` MODIFY `price` decimal(21,9) NOT NULL DEFAULT 0.0, MODIFY `available_seats` int NOT NULL DEFAULT 0, MODIFY `bus_number` int NOT NULL DEFAULT 0
2024-10-19 09:50:45,321 WARNING database DDL Query made to DB:
ALTER TABLE `tabTicket` MODIFY `price` decimal(21,9) NOT NULL DEFAULT 0.0, MODIFY `available_seats` int NOT NULL DEFAULT 0, MODIFY `bus_number` int NOT NULL DEFAULT 0
2024-10-19 10:25:31,334 WARNING database DDL Query made to DB:
ALTER TABLE `tabTicket` MODIFY `bus_number` int NOT NULL DEFAULT 0, MODIFY `available_seats` int NOT NULL DEFAULT 0, MODIFY `price` decimal(21,9) NOT NULL DEFAULT 0.0
2024-10-19 10:25:46,472 WARNING database DDL Query made to DB:
ALTER TABLE `tabTicket` MODIFY `available_seats` int NOT NULL DEFAULT 0, MODIFY `bus_number` int NOT NULL DEFAULT 0, MODIFY `price` decimal(21,9) NOT NULL DEFAULT 0.0
2024-10-19 11:16:43,793 WARNING database DDL Query made to DB:
create sequence if not exists ticket_id_seq nocache nocycle
2024-10-19 11:16:43,832 WARNING database DDL Query made to DB:
ALTER TABLE `tabTicket` MODIFY `name` bigint
2024-10-19 11:16:43,878 WARNING database DDL Query made to DB:
ALTER TABLE `tabTicket` MODIFY `bus_number` int NOT NULL DEFAULT 0, MODIFY `price` decimal(21,9) NOT NULL DEFAULT 0.0, MODIFY `available_seats` int NOT NULL DEFAULT 0
2024-10-19 11:28:15,290 WARNING database DDL Query made to DB:
ALTER TABLE `tabTicket` MODIFY `price` decimal(21,9) NOT NULL DEFAULT 0.0, MODIFY `available_seats` int NOT NULL DEFAULT 0, MODIFY `bus_number` int NOT NULL DEFAULT 0
