_HiStOrY_V2_
descibr
descibe;
descibr\040descibe;
describe;
describe\040`_4f444dd9cb04603a`;
describe\040_4f444dd9cb04603a;
SHOW\040TABLES;
SHOW\040TABLES\040LIKE\040'tabBook';
DESCRIBE\040tabBook;
SHOW\040TABLES\040LIKE\040'tabBus\040Booking';
select\040*\040from\040`tabTrip\040Schedule`\040where\040`origin`=\040'Terminal\040C';\040
descibr\040descibe;q
q
exit
select\040*\040from\040`tabTrip\040Schedule`\040where\040`origin`=\040'Terminal\040C';
select\040*\040from\040`tabTrip\040Schedule`\040;
select\040*\040from\040`tabTrip\040Schedule`;
\040FROM\040`tabTrip\040Schedule`
\040\040\040\040\040\040\040\040WHERE\040`origin`\040=\040%s\040
\040\040\040\040\040\040\040\040\040\040AND\040`trip_date`\040=\040%s\040
select\040*\040from\040`tabTrip\040Schedule`;
FROM\040`tabTrip\040Schedule`\040\040\040\040\040\040\040\040\040WHERE\040`origin`\040=\040%s\040\040\040\040\040\040\040\040\040\040\040\040AND\040`trip_date`\040=\040%s\040\040select\040*\040from\040`tabTrip\040Schedule`;
select\040*\040from\040`tabTrip\040Schedule`;
select\040name\040from\040`tabTrip\040Schedule`;
select\040*\040from\040`tabTrip\040Schedule`;
SELECT\040*
FROM\040`tabTrip\040Details`\040
WHERE\040origin\040=\040'Terminal\040C'
\040\040AND\040destination\040=\040'Terminal\040D'
\040\040AND\040trip_date\040=\040'2024-10-11'
\040\040AND\040trip_name\040=\040'TRIP-241007-Terminal\040A-Terminal\040D';
SELECT\040*\040FROM\040`tabTrip\040Details`\040\040WHERE\040origin\040=\040'Terminal\040C'\040\040\040AND\040destination\040=\040'Terminal\040D'\040\040\040AND\040trip_date\040=\040'2024-10-11'\040\040\040AND\040trip_name\040=\040'TRIP-241007-Terminal\040A-Terminal\040D';
SHOW\040COLUMNS\040FROM\040`tabTrip\040Details`;
SELECT\040*\040FROM\040`tabTrip\040Details`;
SELECT\040*
SELECT\040*\040FROM\040`tabTrip\040Details`;
SELECT\040*\040SELECT\040*\040FROM\040`tabTrip\040Details`;
SELECT\040*\040FROM\040`tabTrip\040Details`;
select\040*\040from\040`tabTrip\040Schedule`;
SELECT\040*\040FROM\040`tabTrip\040Schedule`\040\040WHERE\040origin\040=\040'Terminal\040C'\040\040\040AND\040destination\040=\040'Terminal\040D'\040\040\040AND\040trip_date\040=\040'2024-10-11'\040\040\040AND\040trip_name\040=\040'TRIP-241007-Terminal\040A-Terminal\040D';
SELECT\040*\040FROM\040`tabTrip\040Schedule`\040\040WHERE\040origin\040=\040'Terminal\040C'\040\040\040AND\040destination\040=\040'Terminal\040D'\040\040\040AND\040trip_date\040=\040'2024-10-11'\040\040\040AND\040name\040=\040'TRIP-241007-Terminal\040A-Terminal\040D';
SELECT\040*\040FROM\040`tabTrip\040Schedule`\040\040WHERE\040origin\040=\040'Terminal\040C'\040\040\040AND\040destination\040=\040'Terminal\040D'\040\040\040\040AND\040name\040=\040'TRIP-241007-Terminal\040A-Terminal\040D';
SELECT\040*\040FROM\040`tabTrip\040Schedule`\040\040WHERE\040destination\040=\040'Terminal\040D'\040\040\040\040AND\040name\040=\040'TRIP-241007-Terminal\040A-Terminal\040D';
SHOW\040COLUMNS\040FROM\040`tabTrip\040Schedule`;
select\040origin\040from\040`tabTrip\040Schedule`;
SELECT\040*\040FROM\040`tabTrip\040Schedule`\040\040WHERE\040origin\040=\040'Terminal\040A'\040\040\040AND\040destination\040=\040'Terminal\040D'\040\040\040\040AND\040name\040=\040'TRIP-241007-Terminal\040A-Terminal\040D';
select\040*\040from\040tabTicket;
describe\040tabTicket;
ALTER\040TABLE\040`tabTicket`\040
MODIFY\040COLUMN\040`status`\040VARCHAR(255)\040DEFAULT\040'Pending';
ALTER\040TABLE\040`tabTicket`\040\040MODIFY\040COLUMN\040`status`\040VARCHAR(255)\040DEFAULT\040'Pending';
describe\040tabTicket;
select\040*\040from\040`tabUser`
;
describe\040`tabUser`;
describe\040`tabUser.role_profile_name`;
select\040`tabUser.role_profile_name`
;
use\040`tabUser`;
clear
select\040*\040from\040`tabUser.role_profile_name`;
select\040`role_profile_name`\040from\040`tabUser`;
select\040*\040from\040`tabUser`;
describe\040`tabUser`;
select\040`user_type`\040from\040`tabUser`;
select\040`role`\040from\040`tabUser`;
select\040`roles`\040from\040`tabUser`;
show\040databases;
show\040tables;
SELECT\040*\040FROM\040`tabWebsite\040Settings`\040WHERE\040name='Website\040Settings';
show\040tables;
select\040*\040from\040`tabWeb\040Template`;
exit;
describe\040`tabPayment\040Record`;
clear
exiut
exit
exit'
describe\040`tabPayment\040Record`;
edxit
