2024-10-07 09:50:15,773 INFO ipython === bench console session ===
2024-10-07 09:50:15,773 INFO ipython select * from `tabTrip Schedule` where `origin` = 'Terminal C';
2024-10-07 09:50:15,773 INFO ipython SELECT * FROM `tabTrip Schedule` WHERE `origin` = 'Terminal C';
2024-10-07 09:50:15,773 INFO ipython frappe.db.sql("SELECT * FROM `tabTrip Schedule` WHERE `origin` = 'Terminal C';")
2024-10-07 09:50:15,773 INFO ipython SELECT * FROM `tabTrip Schedule` WHERE `origin` = 'Terminal C';
2024-10-07 09:50:15,774 INFO ipython === session end ===
2024-10-09 13:15:36,043 INFO ipython === bench console session ===
2024-10-09 13:15:36,044 INFO ipython from frappe.hooks import get_hooks
print(get_hooks().get("doc_events", {}).get("Ticket"))
2024-10-09 13:15:36,044 INFO ipython === session end ===
2024-10-16 16:37:57,971 INFO ipython === bench console session ===
2024-10-16 16:37:57,979 INFO ipython bench console
clear
2024-10-16 16:37:57,980 INFO ipython frappe.get_all("Web Page", filters={"footer_template": "FooterDemo"})
2024-10-16 16:37:57,980 INFO ipython new_template = frappe.get_doc({
    "doctype": "Web Template",
    "template_name": "FooterDemo",
    "html": "<footer><p>This is a demo footer</p></footer>"
})
new_template.insert()
frappe.db.commit()
2024-10-16 16:37:57,980 INFO ipython clear
2024-10-16 16:37:57,980 INFO ipython new_template = frappe.get_doc({
    "doctype": "Web Template",
    "template_name": "FooterDemo",
    "html": "<footer><p>This is a demo footer</p></footer>"
})
new_template.insert()
frappe.db.commit()
2024-10-16 16:37:57,981 INFO ipython new_template = frappe.get_doc({
    "doctype": "Web Template",
    "template_name": "FooterDemo",
    "html": "<footer><p>This is a demo footer</p></footer>"
})
new_template.insert(ignore_permissions=True)  # Insert the template into the database
frappe.db.commit()
2024-10-16 16:37:57,981 INFO ipython import frappe
frappe.db.exists("Web Template", "FooterDemo")
2024-10-16 16:37:57,981 INFO ipython doc = frappe.new_doc("Web Template")
doc.name = "FooterDemo"
doc.template = "<div>Basic Footer</div>"  # Add a basic template
doc.type = "Section"
doc.insert()
frappe.db.commit()
2024-10-16 16:37:57,981 INFO ipython === session end ===
2024-10-16 16:38:13,031 INFO ipython === bench console session ===
2024-10-16 16:38:13,031 INFO ipython === session end ===
